[checkstyle] [ERROR] C:\work\zRSADriver\ace_conn\src\com\trivir\idmunit\connector\RsaConnector.java:0: File does not end with a newline. [NewlineAtEndOfFile]
[checkstyle] [ERROR] C:\work\zRSADriver\ace_conn\src\com\trivir\idmunit\connector\RsaConnector.java:1: Line does not match expected header line of '^/\*$'. [RegexpHeader]
[checkstyle] [ERROR] C:\work\zRSADriver\ace_conn\src\com\trivir\idmunit\connector\RsaConnector.java:49: Line has trailing spaces. [RegexpSingleline]
[checkstyle] [ERROR] C:\work\zRSADriver\ace_conn\src\com\trivir\idmunit\connector\RsaConnector.java:53: Line has trailing spaces. [RegexpSingleline]
[checkstyle] [ERROR] C:\work\zRSADriver\ace_conn\src\com\trivir\idmunit\connector\RsaConnector.java:69: Line has trailing spaces. [RegexpSingleline]
[checkstyle] [ERROR] C:\work\zRSADriver\ace_conn\src\com\trivir\idmunit\connector\RsaConnector.java:70: Line has trailing spaces. [RegexpSingleline]
[checkstyle] [ERROR] C:\work\zRSADriver\ace_conn\src\com\trivir\idmunit\connector\RsaConnector.java:75: Line has trailing spaces. [RegexpSingleline]
[checkstyle] [ERROR] C:\work\zRSADriver\ace_conn\src\com\trivir\idmunit\connector\RsaConnector.java:81: Line has trailing spaces. [RegexpSingleline]
[checkstyle] [ERROR] C:\work\zRSADriver\ace_conn\src\com\trivir\idmunit\connector\RsaConnector.java:83: Line has trailing spaces. [RegexpSingleline]
[checkstyle] [ERROR] C:\work\zRSADriver\ace_conn\src\com\trivir\idmunit\connector\RsaConnector.java:91: Line has trailing spaces. [RegexpSingleline]
[checkstyle] [ERROR] C:\work\zRSADriver\ace_conn\src\com\trivir\idmunit\connector\RsaConnector.java:92: Line has trailing spaces. [RegexpSingleline]
[checkstyle] [ERROR] C:\work\zRSADriver\ace_conn\src\com\trivir\idmunit\connector\RsaConnector.java:102: Line has trailing spaces. [RegexpSingleline]
[checkstyle] [ERROR] C:\work\zRSADriver\ace_conn\src\com\trivir\idmunit\connector\RsaConnector.java:125:9: File contains tab characters (this is the first instance). [FileTabCharacter]
[checkstyle] [ERROR] C:\work\zRSADriver\ace_conn\src\com\trivir\idmunit\connector\RsaConnector.java:154: Line has trailing spaces. [RegexpSingleline]
[checkstyle] [ERROR] C:\work\zRSADriver\ace_conn\src\com\trivir\idmunit\connector\RsaConnector.java:156: Line has trailing spaces. [RegexpSingleline]
[checkstyle] [ERROR] C:\work\zRSADriver\ace_conn\src\com\trivir\idmunit\connector\RsaConnector.java:182: Line has trailing spaces. [RegexpSingleline]
[checkstyle] [ERROR] C:\work\zRSADriver\ace_conn\src\com\trivir\idmunit\connector\RsaConnector.java:186: 'if' child have incorrect indentation level 16, expected level should be 12. [Indentation]
[checkstyle] [ERROR] C:\work\zRSADriver\ace_conn\src\com\trivir\idmunit\connector\RsaConnector.java:187: 'try' have incorrect indentation level 24, expected level should be 12. [Indentation]
[checkstyle] [ERROR] C:\work\zRSADriver\ace_conn\src\com\trivir\idmunit\connector\RsaConnector.java:188: 'try' child have incorrect indentation level 32, expected level should be 16. [Indentation]
[checkstyle] [ERROR] C:\work\zRSADriver\ace_conn\src\com\trivir\idmunit\connector\RsaConnector.java:189: 'try rcurly' have incorrect indentation level 24, expected level should be 12. [Indentation]
[checkstyle] [ERROR] C:\work\zRSADriver\ace_conn\src\com\trivir\idmunit\connector\RsaConnector.java:190: 'catch' child have incorrect indentation level 32, expected level should be 16. [Indentation]
[checkstyle] [ERROR] C:\work\zRSADriver\ace_conn\src\com\trivir\idmunit\connector\RsaConnector.java:191: 'catch rcurly' have incorrect indentation level 24, expected level should be 12. [Indentation]
[checkstyle] [ERROR] C:\work\zRSADriver\ace_conn\src\com\trivir\idmunit\connector\RsaConnector.java:192: Line has trailing spaces. [RegexpSingleline]
[checkstyle] [ERROR] C:\work\zRSADriver\ace_conn\src\com\trivir\idmunit\connector\RsaConnector.java:193: 'if' have incorrect indentation level 16, expected level should be 12. [Indentation]
[checkstyle] [ERROR] C:\work\zRSADriver\ace_conn\src\com\trivir\idmunit\connector\RsaConnector.java:194: 'if' child have incorrect indentation level 24, expected level should be 16. [Indentation]
[checkstyle] [ERROR] C:\work\zRSADriver\ace_conn\src\com\trivir\idmunit\connector\RsaConnector.java:195: 'if rcurly' have incorrect indentation level 16, expected level should be 12. [Indentation]
[checkstyle] [ERROR] C:\work\zRSADriver\ace_conn\src\com\trivir\idmunit\connector\RsaConnector.java:196: Line has trailing spaces. [RegexpSingleline]
[checkstyle] [ERROR] C:\work\zRSADriver\ace_conn\src\com\trivir\idmunit\connector\RsaConnector.java:197: 'if' have incorrect indentation level 16, expected level should be 12. [Indentation]
[checkstyle] [ERROR] C:\work\zRSADriver\ace_conn\src\com\trivir\idmunit\connector\RsaConnector.java:197:53: ')' is preceded with whitespace. [ParenPad]
[checkstyle] [ERROR] C:\work\zRSADriver\ace_conn\src\com\trivir\idmunit\connector\RsaConnector.java:198: 'try' have incorrect indentation level 24, expected level should be 16. [Indentation]
[checkstyle] [ERROR] C:\work\zRSADriver\ace_conn\src\com\trivir\idmunit\connector\RsaConnector.java:199: 'if' have incorrect indentation level 32, expected level should be 20. [Indentation]
[checkstyle] [ERROR] C:\work\zRSADriver\ace_conn\src\com\trivir\idmunit\connector\RsaConnector.java:200: 'if' child have incorrect indentation level 40, expected level should be 24. [Indentation]
[checkstyle] [ERROR] C:\work\zRSADriver\ace_conn\src\com\trivir\idmunit\connector\RsaConnector.java:201: 'if rcurly' have incorrect indentation level 32, expected level should be 20. [Indentation]
[checkstyle] [ERROR] C:\work\zRSADriver\ace_conn\src\com\trivir\idmunit\connector\RsaConnector.java:202: 'else' child have incorrect indentation level 40, expected level should be 24. [Indentation]
[checkstyle] [ERROR] C:\work\zRSADriver\ace_conn\src\com\trivir\idmunit\connector\RsaConnector.java:203: 'else rcurly' have incorrect indentation level 32, expected level should be 20. [Indentation]
[checkstyle] [ERROR] C:\work\zRSADriver\ace_conn\src\com\trivir\idmunit\connector\RsaConnector.java:204: 'try rcurly' have incorrect indentation level 24, expected level should be 16. [Indentation]
[checkstyle] [ERROR] C:\work\zRSADriver\ace_conn\src\com\trivir\idmunit\connector\RsaConnector.java:205: 'catch' child have incorrect indentation level 32, expected level should be 20. [Indentation]
[checkstyle] [ERROR] C:\work\zRSADriver\ace_conn\src\com\trivir\idmunit\connector\RsaConnector.java:206: 'catch rcurly' have incorrect indentation level 24, expected level should be 16. [Indentation]
[checkstyle] [ERROR] C:\work\zRSADriver\ace_conn\src\com\trivir\idmunit\connector\RsaConnector.java:207: 'if rcurly' have incorrect indentation level 16, expected level should be 12. [Indentation]
[checkstyle] [ERROR] C:\work\zRSADriver\ace_conn\src\com\trivir\idmunit\connector\RsaConnector.java:209: Line has trailing spaces. [RegexpSingleline]
[checkstyle] [ERROR] C:\work\zRSADriver\ace_conn\src\com\trivir\idmunit\connector\RsaConnector.java:212: 'try' have incorrect indentation level 16, expected level should be 12. [Indentation]
[checkstyle] [ERROR] C:\work\zRSADriver\ace_conn\src\com\trivir\idmunit\connector\RsaConnector.java:213: 'try' child have incorrect indentation level 24, expected level should be 16. [Indentation]
[checkstyle] [ERROR] C:\work\zRSADriver\ace_conn\src\com\trivir\idmunit\connector\RsaConnector.java:214: 'try rcurly' have incorrect indentation level 16, expected level should be 12. [Indentation]
[checkstyle] [ERROR] C:\work\zRSADriver\ace_conn\src\com\trivir\idmunit\connector\RsaConnector.java:215: 'catch' child have incorrect indentation level 24, expected level should be 16. [Indentation]
[checkstyle] [ERROR] C:\work\zRSADriver\ace_conn\src\com\trivir\idmunit\connector\RsaConnector.java:216: 'catch rcurly' have incorrect indentation level 16, expected level should be 12. [Indentation]
[checkstyle] [ERROR] C:\work\zRSADriver\ace_conn\src\com\trivir\idmunit\connector\RsaConnector.java:218: Line has trailing spaces. [RegexpSingleline]
[checkstyle] [ERROR] C:\work\zRSADriver\ace_conn\src\com\trivir\idmunit\connector\RsaConnector.java:220: 'if' child have incorrect indentation level 24, expected level should be 12. [Indentation]
[checkstyle] [ERROR] C:\work\zRSADriver\ace_conn\src\com\trivir\idmunit\connector\RsaConnector.java:221: 'if rcurly' have incorrect indentation level 16, expected level should be 8. [Indentation]
[checkstyle] [ERROR] C:\work\zRSADriver\ace_conn\src\com\trivir\idmunit\connector\RsaConnector.java:222: 'method def rcurly' have incorrect indentation level 8, expected level should be 4. [Indentation]
[checkstyle] [ERROR] C:\work\zRSADriver\ace_conn\src\com\trivir\idmunit\connector\RsaConnector.java:223: Line has trailing spaces. [RegexpSingleline]
[checkstyle] [ERROR] C:\work\zRSADriver\ace_conn\src\com\trivir\idmunit\connector\RsaConnector.java:230: Line has trailing spaces. [RegexpSingleline]
[checkstyle] [ERROR] C:\work\zRSADriver\ace_conn\src\com\trivir\idmunit\connector\RsaConnector.java:231: Line has trailing spaces. [RegexpSingleline]
[checkstyle] [ERROR] C:\work\zRSADriver\ace_conn\src\com\trivir\idmunit\connector\RsaConnector.java:234: 'try' have incorrect indentation level 16, expected level should be 8. [Indentation]
[checkstyle] [ERROR] C:\work\zRSADriver\ace_conn\src\com\trivir\idmunit\connector\RsaConnector.java:235: 'try' child have incorrect indentation level 24, expected level should be 12. [Indentation]
[checkstyle] [ERROR] C:\work\zRSADriver\ace_conn\src\com\trivir\idmunit\connector\RsaConnector.java:236: 'try rcurly' have incorrect indentation level 16, expected level should be 8. [Indentation]
[checkstyle] [ERROR] C:\work\zRSADriver\ace_conn\src\com\trivir\idmunit\connector\RsaConnector.java:237: 'catch' child have incorrect indentation level 24, expected level should be 12. [Indentation]
[checkstyle] [ERROR] C:\work\zRSADriver\ace_conn\src\com\trivir\idmunit\connector\RsaConnector.java:238: 'catch rcurly' have incorrect indentation level 16, expected level should be 8. [Indentation]
[checkstyle] [ERROR] C:\work\zRSADriver\ace_conn\src\com\trivir\idmunit\connector\RsaConnector.java:244: Line has trailing spaces. [RegexpSingleline]
[checkstyle] [ERROR] C:\work\zRSADriver\ace_conn\src\com\trivir\idmunit\connector\RsaConnector.java:245: Line has trailing spaces. [RegexpSingleline]
[checkstyle] [ERROR] C:\work\zRSADriver\ace_conn\src\com\trivir\idmunit\connector\RsaConnector.java:247: Line has trailing spaces. [RegexpSingleline]
[checkstyle] [ERROR] C:\work\zRSADriver\ace_conn\src\com\trivir\idmunit\connector\RsaConnector.java:249: 'try' child have incorrect indentation level 24, expected level should be 12. [Indentation]
[checkstyle] [ERROR] C:\work\zRSADriver\ace_conn\src\com\trivir\idmunit\connector\RsaConnector.java:249: Line has trailing spaces. [RegexpSingleline]
[checkstyle] [ERROR] C:\work\zRSADriver\ace_conn\src\com\trivir\idmunit\connector\RsaConnector.java:256: 'try rcurly' have incorrect indentation level 16, expected level should be 8. [Indentation]
[checkstyle] [ERROR] C:\work\zRSADriver\ace_conn\src\com\trivir\idmunit\connector\RsaConnector.java:257: 'catch' child have incorrect indentation level 24, expected level should be 12. [Indentation]
[checkstyle] [ERROR] C:\work\zRSADriver\ace_conn\src\com\trivir\idmunit\connector\RsaConnector.java:258: 'catch rcurly' have incorrect indentation level 16, expected level should be 8. [Indentation]
[checkstyle] [ERROR] C:\work\zRSADriver\ace_conn\src\com\trivir\idmunit\connector\RsaConnector.java:259: Line has trailing spaces. [RegexpSingleline]
[checkstyle] [ERROR] C:\work\zRSADriver\ace_conn\src\com\trivir\idmunit\connector\RsaConnector.java:261: 'if' child have incorrect indentation level 24, expected level should be 12. [Indentation]
[checkstyle] [ERROR] C:\work\zRSADriver\ace_conn\src\com\trivir\idmunit\connector\RsaConnector.java:262: 'if rcurly' have incorrect indentation level 16, expected level should be 8. [Indentation]
[checkstyle] [ERROR] C:\work\zRSADriver\ace_conn\src\com\trivir\idmunit\connector\RsaConnector.java:274: Line has trailing spaces. [RegexpSingleline]
[checkstyle] [ERROR] C:\work\zRSADriver\ace_conn\src\com\trivir\idmunit\connector\RsaConnector.java:279: 'try' child have incorrect indentation level 32, expected level should be 16. [Indentation]
[checkstyle] [ERROR] C:\work\zRSADriver\ace_conn\src\com\trivir\idmunit\connector\RsaConnector.java:280: 'try rcurly' have incorrect indentation level 24, expected level should be 12. [Indentation]
[checkstyle] [ERROR] C:\work\zRSADriver\ace_conn\src\com\trivir\idmunit\connector\RsaConnector.java:281: 'catch' child have incorrect indentation level 32, expected level should be 16. [Indentation]
[checkstyle] [ERROR] C:\work\zRSADriver\ace_conn\src\com\trivir\idmunit\connector\RsaConnector.java:281: Line has trailing spaces. [RegexpSingleline]
[checkstyle] [ERROR] C:\work\zRSADriver\ace_conn\src\com\trivir\idmunit\connector\RsaConnector.java:282: 'catch rcurly' have incorrect indentation level 24, expected level should be 12. [Indentation]
[checkstyle] [ERROR] C:\work\zRSADriver\ace_conn\src\com\trivir\idmunit\connector\RsaConnector.java:284: Line has trailing spaces. [RegexpSingleline]
[checkstyle] [ERROR] C:\work\zRSADriver\ace_conn\src\com\trivir\idmunit\connector\RsaConnector.java:285: 'if' have incorrect indentation level 16, expected level should be 8. [Indentation]
[checkstyle] [ERROR] C:\work\zRSADriver\ace_conn\src\com\trivir\idmunit\connector\RsaConnector.java:286: 'if' child have incorrect indentation level 24, expected level should be 12. [Indentation]
[checkstyle] [ERROR] C:\work\zRSADriver\ace_conn\src\com\trivir\idmunit\connector\RsaConnector.java:287: 'if rcurly' have incorrect indentation level 16, expected level should be 8. [Indentation]
[checkstyle] [ERROR] C:\work\zRSADriver\ace_conn\src\com\trivir\idmunit\connector\RsaConnector.java:289: Line has trailing spaces. [RegexpSingleline]
[checkstyle] [ERROR] C:\work\zRSADriver\ace_conn\src\com\trivir\idmunit\connector\RsaConnector.java:302: Line has trailing spaces. [RegexpSingleline]
[checkstyle] [ERROR] C:\work\zRSADriver\ace_conn\src\com\trivir\idmunit\connector\RsaConnector.java:303: 'method def' child have incorrect indentation level 16, expected level should be 8. [Indentation]
[checkstyle] [ERROR] C:\work\zRSADriver\ace_conn\src\com\trivir\idmunit\connector\RsaConnector.java:304: 'method def' child have incorrect indentation level 16, expected level should be 8. [Indentation]
[checkstyle] [ERROR] C:\work\zRSADriver\ace_conn\src\com\trivir\idmunit\connector\RsaConnector.java:305: 'method def' child have incorrect indentation level 16, expected level should be 8. [Indentation]
[checkstyle] [ERROR] C:\work\zRSADriver\ace_conn\src\com\trivir\idmunit\connector\RsaConnector.java:306: Line has trailing spaces. [RegexpSingleline]
[checkstyle] [ERROR] C:\work\zRSADriver\ace_conn\src\com\trivir\idmunit\connector\RsaConnector.java:307: 'if' have incorrect indentation level 16, expected level should be 8. [Indentation]
[checkstyle] [ERROR] C:\work\zRSADriver\ace_conn\src\com\trivir\idmunit\connector\RsaConnector.java:308: 'try' have incorrect indentation level 24, expected level should be 12. [Indentation]
[checkstyle] [ERROR] C:\work\zRSADriver\ace_conn\src\com\trivir\idmunit\connector\RsaConnector.java:310: 'try' child have incorrect indentation level 24, expected level should be 16. [Indentation]
[checkstyle] [ERROR] C:\work\zRSADriver\ace_conn\src\com\trivir\idmunit\connector\RsaConnector.java:311: 'try rcurly' have incorrect indentation level 24, expected level should be 12. [Indentation]
[checkstyle] [ERROR] C:\work\zRSADriver\ace_conn\src\com\trivir\idmunit\connector\RsaConnector.java:312: 'catch' child have incorrect indentation level 32, expected level should be 16. [Indentation]
[checkstyle] [ERROR] C:\work\zRSADriver\ace_conn\src\com\trivir\idmunit\connector\RsaConnector.java:313: 'catch rcurly' have incorrect indentation level 24, expected level should be 12. [Indentation]
[checkstyle] [ERROR] C:\work\zRSADriver\ace_conn\src\com\trivir\idmunit\connector\RsaConnector.java:314: 'if rcurly' have incorrect indentation level 16, expected level should be 8. [Indentation]
[checkstyle] [ERROR] C:\work\zRSADriver\ace_conn\src\com\trivir\idmunit\connector\RsaConnector.java:315: Line has trailing spaces. [RegexpSingleline]
[checkstyle] [ERROR] C:\work\zRSADriver\ace_conn\src\com\trivir\idmunit\connector\RsaConnector.java:316: 'if' have incorrect indentation level 16, expected level should be 8. [Indentation]
[checkstyle] [ERROR] C:\work\zRSADriver\ace_conn\src\com\trivir\idmunit\connector\RsaConnector.java:317: 'try' have incorrect indentation level 24, expected level should be 12. [Indentation]
[checkstyle] [ERROR] C:\work\zRSADriver\ace_conn\src\com\trivir\idmunit\connector\RsaConnector.java:318: 'try' child have incorrect indentation level 32, expected level should be 16. [Indentation]
[checkstyle] [ERROR] C:\work\zRSADriver\ace_conn\src\com\trivir\idmunit\connector\RsaConnector.java:319: 'try rcurly' have incorrect indentation level 24, expected level should be 12. [Indentation]
[checkstyle] [ERROR] C:\work\zRSADriver\ace_conn\src\com\trivir\idmunit\connector\RsaConnector.java:320: 'catch' child have incorrect indentation level 32, expected level should be 16. [Indentation]
[checkstyle] [ERROR] C:\work\zRSADriver\ace_conn\src\com\trivir\idmunit\connector\RsaConnector.java:321: 'catch rcurly' have incorrect indentation level 24, expected level should be 12. [Indentation]
[checkstyle] [ERROR] C:\work\zRSADriver\ace_conn\src\com\trivir\idmunit\connector\RsaConnector.java:322: 'if rcurly' have incorrect indentation level 16, expected level should be 8. [Indentation]
[checkstyle] [ERROR] C:\work\zRSADriver\ace_conn\src\com\trivir\idmunit\connector\RsaConnector.java:322: Line has trailing spaces. [RegexpSingleline]
[checkstyle] [ERROR] C:\work\zRSADriver\ace_conn\src\com\trivir\idmunit\connector\RsaConnector.java:323: Line has trailing spaces. [RegexpSingleline]
[checkstyle] [ERROR] C:\work\zRSADriver\ace_conn\src\com\trivir\idmunit\connector\RsaConnector.java:324: 'if' have incorrect indentation level 16, expected level should be 8. [Indentation]
[checkstyle] [ERROR] C:\work\zRSADriver\ace_conn\src\com\trivir\idmunit\connector\RsaConnector.java:325: 'if' child have incorrect indentation level 24, expected level should be 12. [Indentation]
[checkstyle] [ERROR] C:\work\zRSADriver\ace_conn\src\com\trivir\idmunit\connector\RsaConnector.java:326: 'if rcurly' have incorrect indentation level 16, expected level should be 8. [Indentation]
[checkstyle] [ERROR] C:\work\zRSADriver\ace_conn\src\com\trivir\idmunit\connector\RsaConnector.java:328: Line has trailing spaces. [RegexpSingleline]
[checkstyle] [ERROR] C:\work\zRSADriver\ace_conn\src\com\trivir\idmunit\connector\RsaConnector.java:332:31: String literal expressions should be on the left side of an equals comparison. [EqualsAvoidNull]
[checkstyle] [ERROR] C:\work\zRSADriver\ace_conn\src\com\trivir\idmunit\connector\RsaConnector.java:334:38: String literal expressions should be on the left side of an equals comparison. [EqualsAvoidNull]
[checkstyle] [ERROR] C:\work\zRSADriver\ace_conn\src\com\trivir\idmunit\connector\RsaConnector.java:340: Line has trailing spaces. [RegexpSingleline]
[checkstyle] [ERROR] C:\work\zRSADriver\ace_conn\src\com\trivir\idmunit\connector\RsaConnector.java:357: Line has trailing spaces. [RegexpSingleline]
[checkstyle] [ERROR] C:\work\zRSADriver\ace_conn\src\com\trivir\idmunit\connector\RsaConnector.java:359:140: '+' is not followed by whitespace. [WhitespaceAround]
[checkstyle] [ERROR] C:\work\zRSADriver\ace_conn\src\com\trivir\idmunit\connector\RsaConnector.java:365: 'if' child have incorrect indentation level 16, expected level should be 12. [Indentation]
[checkstyle] [ERROR] C:\work\zRSADriver\ace_conn\src\com\trivir\idmunit\connector\RsaConnector.java:371:31: Unnecessary parentheses around assignment right-hand side. [UnnecessaryParentheses]
[checkstyle] [ERROR] C:\work\zRSADriver\ace_conn\src\com\trivir\idmunit\connector\RsaConnector.java:371:46: String literal expressions should be on the left side of an equals comparison. [EqualsAvoidNull]
[checkstyle] [ERROR] C:\work\zRSADriver\ace_conn\src\com\trivir\idmunit\connector\RsaConnector.java:373:145: '+' is not followed by whitespace. [WhitespaceAround]
[checkstyle] [ERROR] C:\work\zRSADriver\ace_conn\src\com\trivir\idmunit\connector\RsaConnector.java:375: Line has trailing spaces. [RegexpSingleline]
[checkstyle] [ERROR] C:\work\zRSADriver\ace_conn\src\com\trivir\idmunit\connector\RsaConnector.java:378: 'if' have incorrect indentation level 16, expected level should be 8. [Indentation]
[checkstyle] [ERROR] C:\work\zRSADriver\ace_conn\src\com\trivir\idmunit\connector\RsaConnector.java:379: 'if' child have incorrect indentation level 24, expected level should be 12. [Indentation]
[checkstyle] [ERROR] C:\work\zRSADriver\ace_conn\src\com\trivir\idmunit\connector\RsaConnector.java:380: 'try' have incorrect indentation level 24, expected level should be 12. [Indentation]
[checkstyle] [ERROR] C:\work\zRSADriver\ace_conn\src\com\trivir\idmunit\connector\RsaConnector.java:381: 'try' child have incorrect indentation level 32, expected level should be 16. [Indentation]
[checkstyle] [ERROR] C:\work\zRSADriver\ace_conn\src\com\trivir\idmunit\connector\RsaConnector.java:382: 'try rcurly' have incorrect indentation level 24, expected level should be 12. [Indentation]
[checkstyle] [ERROR] C:\work\zRSADriver\ace_conn\src\com\trivir\idmunit\connector\RsaConnector.java:383: 'catch' child have incorrect indentation level 32, expected level should be 16. [Indentation]
[checkstyle] [ERROR] C:\work\zRSADriver\ace_conn\src\com\trivir\idmunit\connector\RsaConnector.java:384: 'catch rcurly' have incorrect indentation level 16, expected level should be 12. [Indentation]
[checkstyle] [ERROR] C:\work\zRSADriver\ace_conn\src\com\trivir\idmunit\connector\RsaConnector.java:386:149: '+' is not followed by whitespace. [WhitespaceAround]
[checkstyle] [ERROR] C:\work\zRSADriver\ace_conn\src\com\trivir\idmunit\connector\RsaConnector.java:388: 'if rcurly' have incorrect indentation level 16, expected level should be 8. [Indentation]
[checkstyle] [ERROR] C:\work\zRSADriver\ace_conn\src\com\trivir\idmunit\connector\RsaConnector.java:388: Line has trailing spaces. [RegexpSingleline]
[checkstyle] [ERROR] C:\work\zRSADriver\ace_conn\src\com\trivir\idmunit\connector\RsaConnector.java:416: Line has trailing spaces. [RegexpSingleline]
[checkstyle] [ERROR] C:\work\zRSADriver\ace_conn\src\com\trivir\idmunit\connector\RsaConnector.java:418: Line has trailing spaces. [RegexpSingleline]
[checkstyle] [ERROR] C:\work\zRSADriver\ace_conn\src\com\trivir\idmunit\connector\RsaConnector.java:420:158: '+' is not followed by whitespace. [WhitespaceAround]
[checkstyle] [ERROR] C:\work\zRSADriver\ace_conn\src\com\trivir\idmunit\connector\RsaConnector.java:433:144: '+' is not followed by whitespace. [WhitespaceAround]
[checkstyle] [ERROR] C:\work\zRSADriver\ace_conn\src\com\trivir\idmunit\connector\RsaConnector.java:448:151: '+' is not followed by whitespace. [WhitespaceAround]
[checkstyle] [ERROR] C:\work\zRSADriver\ace_conn\src\com\trivir\idmunit\connector\RsaConnector.java:461: Line has trailing spaces. [RegexpSingleline]
[checkstyle] [ERROR] C:\work\zRSADriver\ace_conn\src\com\trivir\idmunit\connector\RsaConnector.java:462:15: 'if' is not followed by whitespace. [WhitespaceAround]
[checkstyle] [ERROR] C:\work\zRSADriver\ace_conn\src\com\trivir\idmunit\connector\RsaConnector.java:469: Line has trailing spaces. [RegexpSingleline]
[checkstyle] [ERROR] C:\work\zRSADriver\ace_conn\src\com\trivir\idmunit\connector\RsaConnector.java:473: Line has trailing spaces. [RegexpSingleline]
[checkstyle] [ERROR] C:\work\zRSADriver\ace_conn\src\com\trivir\idmunit\connector\RsaConnector.java:492:145: '+' is not followed by whitespace. [WhitespaceAround]
[checkstyle] [ERROR] C:\work\zRSADriver\ace_conn\src\com\trivir\idmunit\connector\RsaConnector.java:498: 'method def' child have incorrect indentation level 16, expected level should be 8. [Indentation]
[checkstyle] [ERROR] C:\work\zRSADriver\ace_conn\src\com\trivir\idmunit\connector\RsaConnector.java:499: 'method def rcurly' have incorrect indentation level 8, expected level should be 4. [Indentation]
[checkstyle] [ERROR] C:\work\zRSADriver\ace_conn\src\com\trivir\idmunit\connector\RsaConnector.java:501: 'method def modifier' have incorrect indentation level 8, expected level should be 4. [Indentation]
[checkstyle] [ERROR] C:\work\zRSADriver\ace_conn\src\com\trivir\idmunit\connector\RsaConnector.java:503: Line has trailing spaces. [RegexpSingleline]
[checkstyle] [ERROR] C:\work\zRSADriver\ace_conn\src\org\idmunit\connector\ACE.java:0: File does not end with a newline. [NewlineAtEndOfFile]
[checkstyle] [ERROR] C:\work\zRSADriver\ace_conn\src\org\idmunit\connector\ACE.java:1: Missing a header - not enough lines in file. [RegexpHeader]
[checkstyle] [ERROR] C:\work\zRSADriver\ace_conn\test\org\idmunit\connector\AddObjectTests.java:0: File does not end with a newline. [NewlineAtEndOfFile]
[checkstyle] [ERROR] C:\work\zRSADriver\ace_conn\test\org\idmunit\connector\AddObjectTests.java:1: Line does not match expected header line of '^/\*$'. [RegexpHeader]
[checkstyle] [ERROR] C:\work\zRSADriver\ace_conn\test\org\idmunit\connector\AddObjectTests.java:20: Line has trailing spaces. [RegexpSingleline]
[checkstyle] [ERROR] C:\work\zRSADriver\ace_conn\test\org\idmunit\connector\AddObjectTests.java:22: Line has trailing spaces. [RegexpSingleline]
[checkstyle] [ERROR] C:\work\zRSADriver\ace_conn\test\org\idmunit\connector\AddObjectTests.java:23: Line has trailing spaces. [RegexpSingleline]
[checkstyle] [ERROR] C:\work\zRSADriver\ace_conn\test\org\idmunit\connector\AddObjectTests.java:28: Line has trailing spaces. [RegexpSingleline]
[checkstyle] [ERROR] C:\work\zRSADriver\ace_conn\test\org\idmunit\connector\AddObjectTests.java:29: Line has trailing spaces. [RegexpSingleline]
[checkstyle] [ERROR] C:\work\zRSADriver\ace_conn\test\org\idmunit\connector\AddObjectTests.java:29:9: File contains tab characters (this is the first instance). [FileTabCharacter]
[checkstyle] [ERROR] C:\work\zRSADriver\ace_conn\test\org\idmunit\connector\AddObjectTests.java:40: Line has trailing spaces. [RegexpSingleline]
[checkstyle] [ERROR] C:\work\zRSADriver\ace_conn\test\org\idmunit\connector\AddObjectTests.java:42: Line has trailing spaces. [RegexpSingleline]
[checkstyle] [ERROR] C:\work\zRSADriver\ace_conn\test\org\idmunit\connector\AddObjectTests.java:45: Line has trailing spaces. [RegexpSingleline]
[checkstyle] [ERROR] C:\work\zRSADriver\ace_conn\test\org\idmunit\connector\AddObjectTests.java:52: 'try' have incorrect indentation level 16, expected level should be 8. [Indentation]
[checkstyle] [ERROR] C:\work\zRSADriver\ace_conn\test\org\idmunit\connector\AddObjectTests.java:53: 'try' child have incorrect indentation level 24, expected level should be 12. [Indentation]
[checkstyle] [ERROR] C:\work\zRSADriver\ace_conn\test\org\idmunit\connector\AddObjectTests.java:54: 'try rcurly' have incorrect indentation level 16, expected level should be 8. [Indentation]
[checkstyle] [ERROR] C:\work\zRSADriver\ace_conn\test\org\idmunit\connector\AddObjectTests.java:54: Empty catch block. [EmptyCatchBlock]
[checkstyle] [ERROR] C:\work\zRSADriver\ace_conn\test\org\idmunit\connector\AddObjectTests.java:57: Line has trailing spaces. [RegexpSingleline]
[checkstyle] [ERROR] C:\work\zRSADriver\ace_conn\test\org\idmunit\connector\AddObjectTests.java:59: 'try' have incorrect indentation level 16, expected level should be 8. [Indentation]
[checkstyle] [ERROR] C:\work\zRSADriver\ace_conn\test\org\idmunit\connector\AddObjectTests.java:60: 'try' child have incorrect indentation level 24, expected level should be 12. [Indentation]
[checkstyle] [ERROR] C:\work\zRSADriver\ace_conn\test\org\idmunit\connector\AddObjectTests.java:61: 'try rcurly' have incorrect indentation level 16, expected level should be 8. [Indentation]
[checkstyle] [ERROR] C:\work\zRSADriver\ace_conn\test\org\idmunit\connector\AddObjectTests.java:61: Empty catch block. [EmptyCatchBlock]
[checkstyle] [ERROR] C:\work\zRSADriver\ace_conn\test\org\idmunit\connector\AddObjectTests.java:62: 'method def' child have incorrect indentation level 16, expected level should be 8. [Indentation]
[checkstyle] [ERROR] C:\work\zRSADriver\ace_conn\test\org\idmunit\connector\AddObjectTests.java:72: Line has trailing spaces. [RegexpSingleline]
[checkstyle] [ERROR] C:\work\zRSADriver\ace_conn\test\org\idmunit\connector\AddObjectTests.java:77: Line has trailing spaces. [RegexpSingleline]
[checkstyle] [ERROR] C:\work\zRSADriver\ace_conn\test\org\idmunit\connector\AddObjectTests.java:81: Line has trailing spaces. [RegexpSingleline]
[checkstyle] [ERROR] C:\work\zRSADriver\ace_conn\test\org\idmunit\connector\AddObjectTests.java:87: Line has trailing spaces. [RegexpSingleline]
[checkstyle] [ERROR] C:\work\zRSADriver\ace_conn\test\org\idmunit\connector\AddObjectTests.java:89: Line has trailing spaces. [RegexpSingleline]
[checkstyle] [ERROR] C:\work\zRSADriver\ace_conn\test\org\idmunit\connector\AddObjectTests.java:101: Line has trailing spaces. [RegexpSingleline]
[checkstyle] [ERROR] C:\work\zRSADriver\ace_conn\test\org\idmunit\connector\AddObjectTests.java:108: Line has trailing spaces. [RegexpSingleline]
[checkstyle] [ERROR] C:\work\zRSADriver\ace_conn\test\org\idmunit\connector\AddObjectTests.java:110: Line has trailing spaces. [RegexpSingleline]
[checkstyle] [ERROR] C:\work\zRSADriver\ace_conn\test\org\idmunit\connector\AddObjectTests.java:126: 'try' have incorrect indentation level 16, expected level should be 8. [Indentation]
[checkstyle] [ERROR] C:\work\zRSADriver\ace_conn\test\org\idmunit\connector\AddObjectTests.java:127: 'try' child have incorrect indentation level 24, expected level should be 12. [Indentation]
[checkstyle] [ERROR] C:\work\zRSADriver\ace_conn\test\org\idmunit\connector\AddObjectTests.java:128: 'try' child have incorrect indentation level 24, expected level should be 12. [Indentation]
[checkstyle] [ERROR] C:\work\zRSADriver\ace_conn\test\org\idmunit\connector\AddObjectTests.java:129: 'try rcurly' have incorrect indentation level 16, expected level should be 8. [Indentation]
[checkstyle] [ERROR] C:\work\zRSADriver\ace_conn\test\org\idmunit\connector\AddObjectTests.java:131: 'catch' child have incorrect indentation level 24, expected level should be 12. [Indentation]
[checkstyle] [ERROR] C:\work\zRSADriver\ace_conn\test\org\idmunit\connector\AddObjectTests.java:132: 'catch rcurly' have incorrect indentation level 16, expected level should be 8. [Indentation]
[checkstyle] [ERROR] C:\work\zRSADriver\ace_conn\test\org\idmunit\connector\AddObjectTests.java:132: Line has trailing spaces. [RegexpSingleline]
[checkstyle] [ERROR] C:\work\zRSADriver\ace_conn\test\org\idmunit\connector\AddObjectTests.java:134: Line has trailing spaces. [RegexpSingleline]
[checkstyle] [ERROR] C:\work\zRSADriver\ace_conn\test\org\idmunit\connector\AddObjectTests.java:150: 'try' child have incorrect indentation level 24, expected level should be 12. [Indentation]
[checkstyle] [ERROR] C:\work\zRSADriver\ace_conn\test\org\idmunit\connector\AddObjectTests.java:151: 'try' child have incorrect indentation level 24, expected level should be 12. [Indentation]
[checkstyle] [ERROR] C:\work\zRSADriver\ace_conn\test\org\idmunit\connector\AddObjectTests.java:152: 'try rcurly' have incorrect indentation level 16, expected level should be 8. [Indentation]
[checkstyle] [ERROR] C:\work\zRSADriver\ace_conn\test\org\idmunit\connector\AddObjectTests.java:154: 'catch' child have incorrect indentation level 24, expected level should be 12. [Indentation]
[checkstyle] [ERROR] C:\work\zRSADriver\ace_conn\test\org\idmunit\connector\AddObjectTests.java:155: 'catch rcurly' have incorrect indentation level 16, expected level should be 8. [Indentation]
[checkstyle] [ERROR] C:\work\zRSADriver\ace_conn\test\org\idmunit\connector\AddObjectTests.java:155: Line has trailing spaces. [RegexpSingleline]
[checkstyle] [ERROR] C:\work\zRSADriver\ace_conn\test\org\idmunit\connector\AddObjectTests.java:157: Line has trailing spaces. [RegexpSingleline]
[checkstyle] [ERROR] C:\work\zRSADriver\ace_conn\test\org\idmunit\connector\AddObjectTests.java:160: Line has trailing spaces. [RegexpSingleline]
[checkstyle] [ERROR] C:\work\zRSADriver\ace_conn\test\org\idmunit\connector\AddObjectTests.java:164: Line has trailing spaces. [RegexpSingleline]
[checkstyle] [ERROR] C:\work\zRSADriver\ace_conn\test\org\idmunit\connector\AddObjectTests.java:174: 'try' child have incorrect indentation level 24, expected level should be 12. [Indentation]
[checkstyle] [ERROR] C:\work\zRSADriver\ace_conn\test\org\idmunit\connector\AddObjectTests.java:175: 'try' child have incorrect indentation level 24, expected level should be 12. [Indentation]
[checkstyle] [ERROR] C:\work\zRSADriver\ace_conn\test\org\idmunit\connector\AddObjectTests.java:176: 'try rcurly' have incorrect indentation level 16, expected level should be 8. [Indentation]
[checkstyle] [ERROR] C:\work\zRSADriver\ace_conn\test\org\idmunit\connector\AddObjectTests.java:178: 'catch' child have incorrect indentation level 24, expected level should be 12. [Indentation]
[checkstyle] [ERROR] C:\work\zRSADriver\ace_conn\test\org\idmunit\connector\AddObjectTests.java:178: Line has trailing spaces. [RegexpSingleline]
[checkstyle] [ERROR] C:\work\zRSADriver\ace_conn\test\org\idmunit\connector\AddObjectTests.java:179: 'catch rcurly' have incorrect indentation level 16, expected level should be 8. [Indentation]
[checkstyle] [ERROR] C:\work\zRSADriver\ace_conn\test\org\idmunit\connector\AddObjectTests.java:179: Line has trailing spaces. [RegexpSingleline]
[checkstyle] [ERROR] C:\work\zRSADriver\ace_conn\test\org\idmunit\connector\AddObjectTests.java:181: Line has trailing spaces. [RegexpSingleline]
[checkstyle] [ERROR] C:\work\zRSADriver\ace_conn\test\org\idmunit\connector\AddObjectTests.java:184: Line has trailing spaces. [RegexpSingleline]
[checkstyle] [ERROR] C:\work\zRSADriver\ace_conn\test\org\idmunit\connector\AddObjectTests.java:188: Line has trailing spaces. [RegexpSingleline]
[checkstyle] [ERROR] C:\work\zRSADriver\ace_conn\test\org\idmunit\connector\AddObjectTests.java:193: Line has trailing spaces. [RegexpSingleline]
[checkstyle] [ERROR] C:\work\zRSADriver\ace_conn\test\org\idmunit\connector\AddObjectTests.java:198: Line has trailing spaces. [RegexpSingleline]
[checkstyle] [ERROR] C:\work\zRSADriver\ace_conn\test\org\idmunit\connector\AddObjectTests.java:199:20: ',' is not followed by whitespace. [WhitespaceAfter]
[checkstyle] [ERROR] C:\work\zRSADriver\ace_conn\test\org\idmunit\connector\AddObjectTests.java:202: Line has trailing spaces. [RegexpSingleline]
[checkstyle] [ERROR] C:\work\zRSADriver\ace_conn\test\org\idmunit\connector\AddObjectTests.java:214: Line has trailing spaces. [RegexpSingleline]
[checkstyle] [ERROR] C:\work\zRSADriver\ace_conn\test\org\idmunit\connector\AddObjectTests.java:223: Line has trailing spaces. [RegexpSingleline]
[checkstyle] [ERROR] C:\work\zRSADriver\ace_conn\test\org\idmunit\connector\AddObjectTests.java:227: Line has trailing spaces. [RegexpSingleline]
[checkstyle] [ERROR] C:\work\zRSADriver\ace_conn\test\org\idmunit\connector\AddObjectTests.java:237: Line has trailing spaces. [RegexpSingleline]
[checkstyle] [ERROR] C:\work\zRSADriver\ace_conn\test\org\idmunit\connector\AddObjectTests.java:244: Line has trailing spaces. [RegexpSingleline]
[checkstyle] [ERROR] C:\work\zRSADriver\ace_conn\test\org\idmunit\connector\AddObjectTests.java:245:20: ',' is not followed by whitespace. [WhitespaceAfter]
[checkstyle] [ERROR] C:\work\zRSADriver\ace_conn\test\org\idmunit\connector\AddObjectTests.java:246: Line has trailing spaces. [RegexpSingleline]
[checkstyle] [ERROR] C:\work\zRSADriver\ace_conn\test\org\idmunit\connector\AddObjectTests.java:258: Line has trailing spaces. [RegexpSingleline]
[checkstyle] [ERROR] C:\work\zRSADriver\ace_conn\test\org\idmunit\connector\AddObjectTests.java:259: Line has trailing spaces. [RegexpSingleline]
[checkstyle] [ERROR] C:\work\zRSADriver\ace_conn\test\org\idmunit\connector\AddObjectTests.java:264: Line has trailing spaces. [RegexpSingleline]
[checkstyle] [ERROR] C:\work\zRSADriver\ace_conn\test\org\idmunit\connector\AddObjectTests.java:267: Line has trailing spaces. [RegexpSingleline]
[checkstyle] [ERROR] C:\work\zRSADriver\ace_conn\test\org\idmunit\connector\AddObjectTests.java:277: Line has trailing spaces. [RegexpSingleline]
[checkstyle] [ERROR] C:\work\zRSADriver\ace_conn\test\org\idmunit\connector\AddObjectTests.java:283: 'try' have incorrect indentation level 16, expected level should be 8. [Indentation]
[checkstyle] [ERROR] C:\work\zRSADriver\ace_conn\test\org\idmunit\connector\AddObjectTests.java:284: 'try' child have incorrect indentation level 24, expected level should be 12. [Indentation]
[checkstyle] [ERROR] C:\work\zRSADriver\ace_conn\test\org\idmunit\connector\AddObjectTests.java:285: 'try' child have incorrect indentation level 24, expected level should be 12. [Indentation]
[checkstyle] [ERROR] C:\work\zRSADriver\ace_conn\test\org\idmunit\connector\AddObjectTests.java:286: 'try rcurly' have incorrect indentation level 16, expected level should be 8. [Indentation]
[checkstyle] [ERROR] C:\work\zRSADriver\ace_conn\test\org\idmunit\connector\AddObjectTests.java:286:19: Catching 'Exception' is not allowed. [IllegalCatch]
[checkstyle] [ERROR] C:\work\zRSADriver\ace_conn\test\org\idmunit\connector\AddObjectTests.java:287: 'catch' child have incorrect indentation level 24, expected level should be 12. [Indentation]
[checkstyle] [ERROR] C:\work\zRSADriver\ace_conn\test\org\idmunit\connector\AddObjectTests.java:288: 'catch rcurly' have incorrect indentation level 16, expected level should be 8. [Indentation]
[checkstyle] [ERROR] C:\work\zRSADriver\ace_conn\test\org\idmunit\connector\AddObjectTests.java:290: Line has trailing spaces. [RegexpSingleline]
[checkstyle] [ERROR] C:\work\zRSADriver\ace_conn\test\org\idmunit\connector\AddObjectTests.java:293: Line has trailing spaces. [RegexpSingleline]
[checkstyle] [ERROR] C:\work\zRSADriver\ace_conn\test\org\idmunit\connector\AddObjectTests.java:302: Line has trailing spaces. [RegexpSingleline]
[checkstyle] [ERROR] C:\work\zRSADriver\ace_conn\test\org\idmunit\connector\AddObjectTests.java:308: 'try' have incorrect indentation level 16, expected level should be 8. [Indentation]
[checkstyle] [ERROR] C:\work\zRSADriver\ace_conn\test\org\idmunit\connector\AddObjectTests.java:309: 'try' child have incorrect indentation level 24, expected level should be 12. [Indentation]
[checkstyle] [ERROR] C:\work\zRSADriver\ace_conn\test\org\idmunit\connector\AddObjectTests.java:310: 'try' child have incorrect indentation level 24, expected level should be 12. [Indentation]
[checkstyle] [ERROR] C:\work\zRSADriver\ace_conn\test\org\idmunit\connector\AddObjectTests.java:311: 'try rcurly' have incorrect indentation level 16, expected level should be 8. [Indentation]
[checkstyle] [ERROR] C:\work\zRSADriver\ace_conn\test\org\idmunit\connector\AddObjectTests.java:311:19: Catching 'Exception' is not allowed. [IllegalCatch]
[checkstyle] [ERROR] C:\work\zRSADriver\ace_conn\test\org\idmunit\connector\AddObjectTests.java:312: 'catch' child have incorrect indentation level 24, expected level should be 12. [Indentation]
[checkstyle] [ERROR] C:\work\zRSADriver\ace_conn\test\org\idmunit\connector\AddObjectTests.java:313: 'catch rcurly' have incorrect indentation level 16, expected level should be 8. [Indentation]
[checkstyle] [ERROR] C:\work\zRSADriver\ace_conn\test\org\idmunit\connector\AddObjectTests.java:314: Line has trailing spaces. [RegexpSingleline]
[checkstyle] [ERROR] C:\work\zRSADriver\ace_conn\test\org\idmunit\connector\AddObjectTests.java:316: Line has trailing spaces. [RegexpSingleline]
[checkstyle] [ERROR] C:\work\zRSADriver\ace_conn\test\org\idmunit\connector\AddObjectTests.java:319: Line has trailing spaces. [RegexpSingleline]
[checkstyle] [ERROR] C:\work\zRSADriver\ace_conn\test\org\idmunit\connector\AddObjectTests.java:333: 'try' child have incorrect indentation level 24, expected level should be 12. [Indentation]
[checkstyle] [ERROR] C:\work\zRSADriver\ace_conn\test\org\idmunit\connector\AddObjectTests.java:334: 'try rcurly' have incorrect indentation level 16, expected level should be 8. [Indentation]
[checkstyle] [ERROR] C:\work\zRSADriver\ace_conn\test\org\idmunit\connector\AddObjectTests.java:334:19: Catching 'Exception' is not allowed. [IllegalCatch]
[checkstyle] [ERROR] C:\work\zRSADriver\ace_conn\test\org\idmunit\connector\AddObjectTests.java:335: 'catch' child have incorrect indentation level 24, expected level should be 12. [Indentation]
[checkstyle] [ERROR] C:\work\zRSADriver\ace_conn\test\org\idmunit\connector\AddObjectTests.java:336: 'catch rcurly' have incorrect indentation level 16, expected level should be 8. [Indentation]
[checkstyle] [ERROR] C:\work\zRSADriver\ace_conn\test\org\idmunit\connector\AddObjectTests.java:336: Line has trailing spaces. [RegexpSingleline]
[checkstyle] [ERROR] C:\work\zRSADriver\ace_conn\test\org\idmunit\connector\AddObjectTests.java:340: Line has trailing spaces. [RegexpSingleline]
[checkstyle] [ERROR] C:\work\zRSADriver\ace_conn\test\org\idmunit\connector\AddObjectTests.java:343: Line has trailing spaces. [RegexpSingleline]
[checkstyle] [ERROR] C:\work\zRSADriver\ace_conn\test\org\idmunit\connector\AddObjectTests.java:344: 'method def' child have incorrect indentation level 16, expected level should be 8. [Indentation]
[checkstyle] [ERROR] C:\work\zRSADriver\ace_conn\test\org\idmunit\connector\AddObjectTests.java:344:28: ',' is not followed by whitespace. [WhitespaceAfter]
[checkstyle] [ERROR] C:\work\zRSADriver\ace_conn\test\org\idmunit\connector\AddObjectTests.java:345: Line has trailing spaces. [RegexpSingleline]
[checkstyle] [ERROR] C:\work\zRSADriver\ace_conn\test\org\idmunit\connector\AddObjectTests.java:357: Line has trailing spaces. [RegexpSingleline]
[checkstyle] [ERROR] C:\work\zRSADriver\ace_conn\test\org\idmunit\connector\AddObjectTests.java:358: Line has trailing spaces. [RegexpSingleline]
[checkstyle] [ERROR] C:\work\zRSADriver\ace_conn\test\org\idmunit\connector\AddObjectTests.java:359: Line has trailing spaces. [RegexpSingleline]
[checkstyle] [ERROR] C:\work\zRSADriver\ace_conn\test\org\idmunit\connector\AddObjectTests.java:360: Line has trailing spaces. [RegexpSingleline]
[checkstyle] [ERROR] C:\work\zRSADriver\ace_conn\test\org\idmunit\connector\AddObjectTests.java:365: Line has trailing spaces. [RegexpSingleline]
[checkstyle] [ERROR] C:\work\zRSADriver\ace_conn\test\org\idmunit\connector\AddObjectTests.java:370: Line has trailing spaces. [RegexpSingleline]
[checkstyle] [ERROR] C:\work\zRSADriver\ace_conn\test\org\idmunit\connector\AddObjectTests.java:384: 'try' child have incorrect indentation level 24, expected level should be 12. [Indentation]
[checkstyle] [ERROR] C:\work\zRSADriver\ace_conn\test\org\idmunit\connector\AddObjectTests.java:385: 'try rcurly' have incorrect indentation level 16, expected level should be 8. [Indentation]
[checkstyle] [ERROR] C:\work\zRSADriver\ace_conn\test\org\idmunit\connector\AddObjectTests.java:385:19: Catching 'Exception' is not allowed. [IllegalCatch]
[checkstyle] [ERROR] C:\work\zRSADriver\ace_conn\test\org\idmunit\connector\AddObjectTests.java:386: 'catch' child have incorrect indentation level 24, expected level should be 12. [Indentation]
[checkstyle] [ERROR] C:\work\zRSADriver\ace_conn\test\org\idmunit\connector\AddObjectTests.java:387: 'catch rcurly' have incorrect indentation level 16, expected level should be 8. [Indentation]
[checkstyle] [ERROR] C:\work\zRSADriver\ace_conn\test\org\idmunit\connector\AddObjectTests.java:387: Line has trailing spaces. [RegexpSingleline]
[checkstyle] [ERROR] C:\work\zRSADriver\ace_conn\test\org\idmunit\connector\AddObjectTests.java:394: Line has trailing spaces. [RegexpSingleline]
[checkstyle] [ERROR] C:\work\zRSADriver\ace_conn\test\org\idmunit\connector\AddObjectTests.java:395: 'method def' child have incorrect indentation level 16, expected level should be 8. [Indentation]
[checkstyle] [ERROR] C:\work\zRSADriver\ace_conn\test\org\idmunit\connector\AddObjectTests.java:395:28: ',' is not followed by whitespace. [WhitespaceAfter]
[checkstyle] [ERROR] C:\work\zRSADriver\ace_conn\test\org\idmunit\connector\AddObjectTests.java:396: Line has trailing spaces. [RegexpSingleline]
[checkstyle] [ERROR] C:\work\zRSADriver\ace_conn\test\org\idmunit\connector\AddObjectTests.java:408: Line has trailing spaces. [RegexpSingleline]
[checkstyle] [ERROR] C:\work\zRSADriver\ace_conn\test\org\idmunit\connector\AddObjectTests.java:409: Line has trailing spaces. [RegexpSingleline]
[checkstyle] [ERROR] C:\work\zRSADriver\ace_conn\test\org\idmunit\connector\AddObjectTests.java:414: Line has trailing spaces. [RegexpSingleline]
[checkstyle] [ERROR] C:\work\zRSADriver\ace_conn\test\org\idmunit\connector\AddObjectTests.java:417: Line has trailing spaces. [RegexpSingleline]
[checkstyle] [ERROR] C:\work\zRSADriver\ace_conn\test\org\idmunit\connector\AddObjectTests.java:432: 'try' child have incorrect indentation level 24, expected level should be 12. [Indentation]
[checkstyle] [ERROR] C:\work\zRSADriver\ace_conn\test\org\idmunit\connector\AddObjectTests.java:433: 'try' child have incorrect indentation level 24, expected level should be 12. [Indentation]
[checkstyle] [ERROR] C:\work\zRSADriver\ace_conn\test\org\idmunit\connector\AddObjectTests.java:434: 'try rcurly' have incorrect indentation level 16, expected level should be 8. [Indentation]
[checkstyle] [ERROR] C:\work\zRSADriver\ace_conn\test\org\idmunit\connector\AddObjectTests.java:434:19: Catching 'Exception' is not allowed. [IllegalCatch]
[checkstyle] [ERROR] C:\work\zRSADriver\ace_conn\test\org\idmunit\connector\AddObjectTests.java:435: 'catch' child have incorrect indentation level 24, expected level should be 12. [Indentation]
[checkstyle] [ERROR] C:\work\zRSADriver\ace_conn\test\org\idmunit\connector\AddObjectTests.java:436: 'catch rcurly' have incorrect indentation level 16, expected level should be 8. [Indentation]
[checkstyle] [ERROR] C:\work\zRSADriver\ace_conn\test\org\idmunit\connector\AddObjectTests.java:436: Line has trailing spaces. [RegexpSingleline]
[checkstyle] [ERROR] C:\work\zRSADriver\ace_conn\test\org\idmunit\connector\AddObjectTests.java:438: Line has trailing spaces. [RegexpSingleline]
[checkstyle] [ERROR] C:\work\zRSADriver\ace_conn\test\org\idmunit\connector\AddObjectTests.java:441: Line has trailing spaces. [RegexpSingleline]
[checkstyle] [ERROR] C:\work\zRSADriver\ace_conn\test\org\idmunit\connector\AddObjectTests.java:455: 'try' child have incorrect indentation level 24, expected level should be 12. [Indentation]
[checkstyle] [ERROR] C:\work\zRSADriver\ace_conn\test\org\idmunit\connector\AddObjectTests.java:456: 'try rcurly' have incorrect indentation level 16, expected level should be 8. [Indentation]
[checkstyle] [ERROR] C:\work\zRSADriver\ace_conn\test\org\idmunit\connector\AddObjectTests.java:456:19: Catching 'Exception' is not allowed. [IllegalCatch]
[checkstyle] [ERROR] C:\work\zRSADriver\ace_conn\test\org\idmunit\connector\AddObjectTests.java:457: 'catch' child have incorrect indentation level 24, expected level should be 12. [Indentation]
[checkstyle] [ERROR] C:\work\zRSADriver\ace_conn\test\org\idmunit\connector\AddObjectTests.java:458: 'catch rcurly' have incorrect indentation level 16, expected level should be 8. [Indentation]
[checkstyle] [ERROR] C:\work\zRSADriver\ace_conn\test\org\idmunit\connector\AddObjectTests.java:458: Line has trailing spaces. [RegexpSingleline]
[checkstyle] [ERROR] C:\work\zRSADriver\ace_conn\test\org\idmunit\connector\AddObjectTests.java:464: 'method def' child have incorrect indentation level 16, expected level should be 8. [Indentation]
[checkstyle] [ERROR] C:\work\zRSADriver\ace_conn\test\org\idmunit\connector\AddObjectTests.java:464:28: ',' is not followed by whitespace. [WhitespaceAfter]
[checkstyle] [ERROR] C:\work\zRSADriver\ace_conn\test\org\idmunit\connector\AddObjectTests.java:465: Line has trailing spaces. [RegexpSingleline]
[checkstyle] [ERROR] C:\work\zRSADriver\ace_conn\test\org\idmunit\connector\AddObjectTests.java:477: Line has trailing spaces. [RegexpSingleline]
[checkstyle] [ERROR] C:\work\zRSADriver\ace_conn\test\org\idmunit\connector\AddObjectTests.java:478: Line has trailing spaces. [RegexpSingleline]
[checkstyle] [ERROR] C:\work\zRSADriver\ace_conn\test\org\idmunit\connector\AllTests.java:0: File does not end with a newline. [NewlineAtEndOfFile]
[checkstyle] [ERROR] C:\work\zRSADriver\ace_conn\test\org\idmunit\connector\AllTests.java:1: Line does not match expected header line of '^/\*$'. [RegexpHeader]
[checkstyle] [ERROR] C:\work\zRSADriver\ace_conn\test\org\idmunit\connector\AllTests.java:14:32: Name 'tokenSerialNum' must match pattern '^[A-Z][A-Z0-9]*(_[A-Z0-9]+)*$'. [ConstantName]
[checkstyle] [ERROR] C:\work\zRSADriver\ace_conn\test\org\idmunit\connector\AllTests.java:15:32: Name 'groupName' must match pattern '^[A-Z][A-Z0-9]*(_[A-Z0-9]+)*$'. [ConstantName]
[checkstyle] [ERROR] C:\work\zRSADriver\ace_conn\test\org\idmunit\connector\AllTests.java:16:32: Name 'profileName' must match pattern '^[A-Z][A-Z0-9]*(_[A-Z0-9]+)*$'. [ConstantName]
[checkstyle] [ERROR] C:\work\zRSADriver\ace_conn\test\org\idmunit\connector\AllTests.java:17:5: File contains tab characters (this is the first instance). [FileTabCharacter]
[checkstyle] [ERROR] C:\work\zRSADriver\ace_conn\test\org\idmunit\connector\AllTests.java:24: Line has trailing spaces. [RegexpSingleline]
[checkstyle] [ERROR] C:\work\zRSADriver\ace_conn\test\org\idmunit\connector\AllTests.java:28: 'method def modifier' have incorrect indentation level 8, expected level should be 4. [Indentation]
[checkstyle] [ERROR] C:\work\zRSADriver\ace_conn\test\org\idmunit\connector\AllTests.java:29: 'method def' child have incorrect indentation level 16, expected level should be 8. [Indentation]
[checkstyle] [ERROR] C:\work\zRSADriver\ace_conn\test\org\idmunit\connector\AllTests.java:30: 'method def' child have incorrect indentation level 16, expected level should be 8. [Indentation]
[checkstyle] [ERROR] C:\work\zRSADriver\ace_conn\test\org\idmunit\connector\AllTests.java:31: 'method def' child have incorrect indentation level 16, expected level should be 8. [Indentation]
[checkstyle] [ERROR] C:\work\zRSADriver\ace_conn\test\org\idmunit\connector\AllTests.java:32: 'method def' child have incorrect indentation level 16, expected level should be 8. [Indentation]
[checkstyle] [ERROR] C:\work\zRSADriver\ace_conn\test\org\idmunit\connector\AllTests.java:33: 'method def' child have incorrect indentation level 16, expected level should be 8. [Indentation]
[checkstyle] [ERROR] C:\work\zRSADriver\ace_conn\test\org\idmunit\connector\AllTests.java:34: 'method def' child have incorrect indentation level 16, expected level should be 8. [Indentation]
[checkstyle] [ERROR] C:\work\zRSADriver\ace_conn\test\org\idmunit\connector\AllTests.java:35: 'method def' child have incorrect indentation level 16, expected level should be 8. [Indentation]
[checkstyle] [ERROR] C:\work\zRSADriver\ace_conn\test\org\idmunit\connector\AllTests.java:36: 'method def' child have incorrect indentation level 12, expected level should be 8. [Indentation]
[checkstyle] [ERROR] C:\work\zRSADriver\ace_conn\test\org\idmunit\connector\AllTests.java:36: Line has trailing spaces. [RegexpSingleline]
[checkstyle] [ERROR] C:\work\zRSADriver\ace_conn\test\org\idmunit\connector\AllTests.java:37: 'method def rcurly' have incorrect indentation level 8, expected level should be 4. [Indentation]
[checkstyle] [ERROR] C:\work\zRSADriver\ace_conn\test\org\idmunit\connector\AllTests.java:38: Line has trailing spaces. [RegexpSingleline]
[checkstyle] [ERROR] C:\work\zRSADriver\ace_conn\test\org\idmunit\connector\AllTests.java:39: 'method def modifier' have incorrect indentation level 8, expected level should be 4. [Indentation]
[checkstyle] [ERROR] C:\work\zRSADriver\ace_conn\test\org\idmunit\connector\AllTests.java:40: 'method def' child have incorrect indentation level 16, expected level should be 8. [Indentation]
[checkstyle] [ERROR] C:\work\zRSADriver\ace_conn\test\org\idmunit\connector\AllTests.java:43: 'method def' child have incorrect indentation level 16, expected level should be 8. [Indentation]
[checkstyle] [ERROR] C:\work\zRSADriver\ace_conn\test\org\idmunit\connector\AllTests.java:44: 'method def' child have incorrect indentation level 16, expected level should be 8. [Indentation]
[checkstyle] [ERROR] C:\work\zRSADriver\ace_conn\test\org\idmunit\connector\AllTests.java:45: 'method def' child have incorrect indentation level 16, expected level should be 8. [Indentation]
[checkstyle] [ERROR] C:\work\zRSADriver\ace_conn\test\org\idmunit\connector\AllTests.java:46: 'method def' child have incorrect indentation level 16, expected level should be 8. [Indentation]
[checkstyle] [ERROR] C:\work\zRSADriver\ace_conn\test\org\idmunit\connector\AllTests.java:46: Line has trailing spaces. [RegexpSingleline]
[checkstyle] [ERROR] C:\work\zRSADriver\ace_conn\test\org\idmunit\connector\AllTests.java:47: 'method def' child have incorrect indentation level 16, expected level should be 8. [Indentation]
[checkstyle] [ERROR] C:\work\zRSADriver\ace_conn\test\org\idmunit\connector\AllTests.java:48: 'method def' child have incorrect indentation level 16, expected level should be 8. [Indentation]
[checkstyle] [ERROR] C:\work\zRSADriver\ace_conn\test\org\idmunit\connector\AllTests.java:49: 'method def' child have incorrect indentation level 16, expected level should be 8. [Indentation]
[checkstyle] [ERROR] C:\work\zRSADriver\ace_conn\test\org\idmunit\connector\AllTests.java:50: 'method def' child have incorrect indentation level 16, expected level should be 8. [Indentation]
[checkstyle] [ERROR] C:\work\zRSADriver\ace_conn\test\org\idmunit\connector\AllTests.java:51: 'method def' child have incorrect indentation level 16, expected level should be 8. [Indentation]
[checkstyle] [ERROR] C:\work\zRSADriver\ace_conn\test\org\idmunit\connector\AllTests.java:52: 'method def' child have incorrect indentation level 16, expected level should be 8. [Indentation]
[checkstyle] [ERROR] C:\work\zRSADriver\ace_conn\test\org\idmunit\connector\AllTests.java:53: 'method def' child have incorrect indentation level 16, expected level should be 8. [Indentation]
[checkstyle] [ERROR] C:\work\zRSADriver\ace_conn\test\org\idmunit\connector\AllTests.java:54: Line has trailing spaces. [RegexpSingleline]
[checkstyle] [ERROR] C:\work\zRSADriver\ace_conn\test\org\idmunit\connector\AllTests.java:55: 'method def' child have incorrect indentation level 16, expected level should be 8. [Indentation]
[checkstyle] [ERROR] C:\work\zRSADriver\ace_conn\test\org\idmunit\connector\AllTests.java:56: 'method def rcurly' have incorrect indentation level 8, expected level should be 4. [Indentation]
[checkstyle] [ERROR] C:\work\zRSADriver\ace_conn\test\org\idmunit\connector\DeleteObjectTests.java:0: File does not end with a newline. [NewlineAtEndOfFile]
[checkstyle] [ERROR] C:\work\zRSADriver\ace_conn\test\org\idmunit\connector\DeleteObjectTests.java:1: Line does not match expected header line of '^/\*$'. [RegexpHeader]
[checkstyle] [ERROR] C:\work\zRSADriver\ace_conn\test\org\idmunit\connector\DeleteObjectTests.java:17: 'member def type' have incorrect indentation level 8, expected level should be 4. [Indentation]
[checkstyle] [ERROR] C:\work\zRSADriver\ace_conn\test\org\idmunit\connector\DeleteObjectTests.java:17:1: File contains tab characters (this is the first instance). [FileTabCharacter]
[checkstyle] [ERROR] C:\work\zRSADriver\ace_conn\test\org\idmunit\connector\DeleteObjectTests.java:18: 'member def type' have incorrect indentation level 8, expected level should be 4. [Indentation]
[checkstyle] [ERROR] C:\work\zRSADriver\ace_conn\test\org\idmunit\connector\DeleteObjectTests.java:19: Line has trailing spaces. [RegexpSingleline]
[checkstyle] [ERROR] C:\work\zRSADriver\ace_conn\test\org\idmunit\connector\DeleteObjectTests.java:20: Line has trailing spaces. [RegexpSingleline]
[checkstyle] [ERROR] C:\work\zRSADriver\ace_conn\test\org\idmunit\connector\DeleteObjectTests.java:21: 'method def' child have incorrect indentation level 16, expected level should be 8. [Indentation]
[checkstyle] [ERROR] C:\work\zRSADriver\ace_conn\test\org\idmunit\connector\DeleteObjectTests.java:22: Line has trailing spaces. [RegexpSingleline]
[checkstyle] [ERROR] C:\work\zRSADriver\ace_conn\test\org\idmunit\connector\DeleteObjectTests.java:23: 'try' have incorrect indentation level 16, expected level should be 8. [Indentation]
[checkstyle] [ERROR] C:\work\zRSADriver\ace_conn\test\org\idmunit\connector\DeleteObjectTests.java:24: 'try' child have incorrect indentation level 24, expected level should be 12. [Indentation]
[checkstyle] [ERROR] C:\work\zRSADriver\ace_conn\test\org\idmunit\connector\DeleteObjectTests.java:25: 'try rcurly' have incorrect indentation level 16, expected level should be 8. [Indentation]
[checkstyle] [ERROR] C:\work\zRSADriver\ace_conn\test\org\idmunit\connector\DeleteObjectTests.java:26: 'catch' child have incorrect indentation level 24, expected level should be 12. [Indentation]
[checkstyle] [ERROR] C:\work\zRSADriver\ace_conn\test\org\idmunit\connector\DeleteObjectTests.java:27: 'catch' child have incorrect indentation level 24, expected level should be 12. [Indentation]
[checkstyle] [ERROR] C:\work\zRSADriver\ace_conn\test\org\idmunit\connector\DeleteObjectTests.java:28: 'catch rcurly' have incorrect indentation level 16, expected level should be 8. [Indentation]
[checkstyle] [ERROR] C:\work\zRSADriver\ace_conn\test\org\idmunit\connector\DeleteObjectTests.java:29: Line has trailing spaces. [RegexpSingleline]
[checkstyle] [ERROR] C:\work\zRSADriver\ace_conn\test\org\idmunit\connector\DeleteObjectTests.java:30: 'try' have incorrect indentation level 16, expected level should be 8. [Indentation]
[checkstyle] [ERROR] C:\work\zRSADriver\ace_conn\test\org\idmunit\connector\DeleteObjectTests.java:31: 'try' child have incorrect indentation level 24, expected level should be 12. [Indentation]
[checkstyle] [ERROR] C:\work\zRSADriver\ace_conn\test\org\idmunit\connector\DeleteObjectTests.java:32: 'try rcurly' have incorrect indentation level 16, expected level should be 8. [Indentation]
[checkstyle] [ERROR] C:\work\zRSADriver\ace_conn\test\org\idmunit\connector\DeleteObjectTests.java:33: 'if' have incorrect indentation level 24, expected level should be 12. [Indentation]
[checkstyle] [ERROR] C:\work\zRSADriver\ace_conn\test\org\idmunit\connector\DeleteObjectTests.java:34: 'if' child have incorrect indentation level 32, expected level should be 16. [Indentation]
[checkstyle] [ERROR] C:\work\zRSADriver\ace_conn\test\org\idmunit\connector\DeleteObjectTests.java:35: 'if rcurly' have incorrect indentation level 24, expected level should be 12. [Indentation]
[checkstyle] [ERROR] C:\work\zRSADriver\ace_conn\test\org\idmunit\connector\DeleteObjectTests.java:36: 'catch rcurly' have incorrect indentation level 16, expected level should be 8. [Indentation]
[checkstyle] [ERROR] C:\work\zRSADriver\ace_conn\test\org\idmunit\connector\DeleteObjectTests.java:37: 'method def' child have incorrect indentation level 16, expected level should be 8. [Indentation]
[checkstyle] [ERROR] C:\work\zRSADriver\ace_conn\test\org\idmunit\connector\DeleteObjectTests.java:37: Line has trailing spaces. [RegexpSingleline]
[checkstyle] [ERROR] C:\work\zRSADriver\ace_conn\test\org\idmunit\connector\DeleteObjectTests.java:39: Line has trailing spaces. [RegexpSingleline]
[checkstyle] [ERROR] C:\work\zRSADriver\ace_conn\test\org\idmunit\connector\DeleteObjectTests.java:40: Line has trailing spaces. [RegexpSingleline]
[checkstyle] [ERROR] C:\work\zRSADriver\ace_conn\test\org\idmunit\connector\DeleteObjectTests.java:42: 'try' have incorrect indentation level 16, expected level should be 8. [Indentation]
[checkstyle] [ERROR] C:\work\zRSADriver\ace_conn\test\org\idmunit\connector\DeleteObjectTests.java:43: 'try' child have incorrect indentation level 24, expected level should be 12. [Indentation]
[checkstyle] [ERROR] C:\work\zRSADriver\ace_conn\test\org\idmunit\connector\DeleteObjectTests.java:44: 'try rcurly' have incorrect indentation level 16, expected level should be 8. [Indentation]
[checkstyle] [ERROR] C:\work\zRSADriver\ace_conn\test\org\idmunit\connector\DeleteObjectTests.java:44: Empty catch block. [EmptyCatchBlock]
[checkstyle] [ERROR] C:\work\zRSADriver\ace_conn\test\org\idmunit\connector\DeleteObjectTests.java:45: 'method def' child have incorrect indentation level 16, expected level should be 8. [Indentation]
[checkstyle] [ERROR] C:\work\zRSADriver\ace_conn\test\org\idmunit\connector\DeleteObjectTests.java:47: Line has trailing spaces. [RegexpSingleline]
[checkstyle] [ERROR] C:\work\zRSADriver\ace_conn\test\org\idmunit\connector\DeleteObjectTests.java:49: Line has trailing spaces. [RegexpSingleline]
[checkstyle] [ERROR] C:\work\zRSADriver\ace_conn\test\org\idmunit\connector\DeleteObjectTests.java:52: Line has trailing spaces. [RegexpSingleline]
[checkstyle] [ERROR] C:\work\zRSADriver\ace_conn\test\org\idmunit\connector\DeleteObjectTests.java:53: Line has trailing spaces. [RegexpSingleline]
[checkstyle] [ERROR] C:\work\zRSADriver\ace_conn\test\org\idmunit\connector\DeleteObjectTests.java:54: 'method def' child have incorrect indentation level 16, expected level should be 8. [Indentation]
[checkstyle] [ERROR] C:\work\zRSADriver\ace_conn\test\org\idmunit\connector\DeleteObjectTests.java:55: 'try' have incorrect indentation level 16, expected level should be 8. [Indentation]
[checkstyle] [ERROR] C:\work\zRSADriver\ace_conn\test\org\idmunit\connector\DeleteObjectTests.java:56: 'try' child have incorrect indentation level 24, expected level should be 12. [Indentation]
[checkstyle] [ERROR] C:\work\zRSADriver\ace_conn\test\org\idmunit\connector\DeleteObjectTests.java:57: 'try rcurly' have incorrect indentation level 16, expected level should be 8. [Indentation]
[checkstyle] [ERROR] C:\work\zRSADriver\ace_conn\test\org\idmunit\connector\DeleteObjectTests.java:58: 'catch' child have incorrect indentation level 24, expected level should be 12. [Indentation]
[checkstyle] [ERROR] C:\work\zRSADriver\ace_conn\test\org\idmunit\connector\DeleteObjectTests.java:59: 'catch rcurly' have incorrect indentation level 16, expected level should be 8. [Indentation]
[checkstyle] [ERROR] C:\work\zRSADriver\ace_conn\test\org\idmunit\connector\DeleteObjectTests.java:60: Line has trailing spaces. [RegexpSingleline]
[checkstyle] [ERROR] C:\work\zRSADriver\ace_conn\test\org\idmunit\connector\DeleteObjectTests.java:61: 'try' have incorrect indentation level 16, expected level should be 8. [Indentation]
[checkstyle] [ERROR] C:\work\zRSADriver\ace_conn\test\org\idmunit\connector\DeleteObjectTests.java:62: 'try' child have incorrect indentation level 24, expected level should be 12. [Indentation]
[checkstyle] [ERROR] C:\work\zRSADriver\ace_conn\test\org\idmunit\connector\DeleteObjectTests.java:63: 'try' child have incorrect indentation level 24, expected level should be 12. [Indentation]
[checkstyle] [ERROR] C:\work\zRSADriver\ace_conn\test\org\idmunit\connector\DeleteObjectTests.java:64: 'try rcurly' have incorrect indentation level 16, expected level should be 8. [Indentation]
[checkstyle] [ERROR] C:\work\zRSADriver\ace_conn\test\org\idmunit\connector\DeleteObjectTests.java:64:24: 'catch' is not followed by whitespace. [WhitespaceAround]
[checkstyle] [ERROR] C:\work\zRSADriver\ace_conn\test\org\idmunit\connector\DeleteObjectTests.java:65: 'catch' child have incorrect indentation level 24, expected level should be 12. [Indentation]
[checkstyle] [ERROR] C:\work\zRSADriver\ace_conn\test\org\idmunit\connector\DeleteObjectTests.java:66: 'catch rcurly' have incorrect indentation level 16, expected level should be 8. [Indentation]
[checkstyle] [ERROR] C:\work\zRSADriver\ace_conn\test\org\idmunit\connector\DeleteObjectTests.java:66: Line has trailing spaces. [RegexpSingleline]
[checkstyle] [ERROR] C:\work\zRSADriver\ace_conn\test\org\idmunit\connector\DeleteObjectTests.java:70: Line has trailing spaces. [RegexpSingleline]
[checkstyle] [ERROR] C:\work\zRSADriver\ace_conn\test\org\idmunit\connector\DeleteObjectTests.java:73: Line has trailing spaces. [RegexpSingleline]
[checkstyle] [ERROR] C:\work\zRSADriver\ace_conn\test\org\idmunit\connector\DeleteObjectTests.java:74: Line has trailing spaces. [RegexpSingleline]
[checkstyle] [ERROR] C:\work\zRSADriver\ace_conn\test\org\idmunit\connector\DeleteObjectTests.java:75: 'try' have incorrect indentation level 16, expected level should be 8. [Indentation]
[checkstyle] [ERROR] C:\work\zRSADriver\ace_conn\test\org\idmunit\connector\DeleteObjectTests.java:77: 'try rcurly' have incorrect indentation level 16, expected level should be 8. [Indentation]
[checkstyle] [ERROR] C:\work\zRSADriver\ace_conn\test\org\idmunit\connector\DeleteObjectTests.java:78: 'catch' child have incorrect indentation level 24, expected level should be 12. [Indentation]
[checkstyle] [ERROR] C:\work\zRSADriver\ace_conn\test\org\idmunit\connector\DeleteObjectTests.java:79: 'catch rcurly' have incorrect indentation level 16, expected level should be 8. [Indentation]
[checkstyle] [ERROR] C:\work\zRSADriver\ace_conn\test\org\idmunit\connector\ModifyTokenTests.java:0: File does not end with a newline. [NewlineAtEndOfFile]
[checkstyle] [ERROR] C:\work\zRSADriver\ace_conn\test\org\idmunit\connector\ModifyTokenTests.java:1: Line does not match expected header line of '^/\*$'. [RegexpHeader]
[checkstyle] [ERROR] C:\work\zRSADriver\ace_conn\test\org\idmunit\connector\ModifyTokenTests.java:18: 'member def type' have incorrect indentation level 8, expected level should be 4. [Indentation]
[checkstyle] [ERROR] C:\work\zRSADriver\ace_conn\test\org\idmunit\connector\ModifyTokenTests.java:18:1: File contains tab characters (this is the first instance). [FileTabCharacter]
[checkstyle] [ERROR] C:\work\zRSADriver\ace_conn\test\org\idmunit\connector\ModifyTokenTests.java:19: 'member def type' have incorrect indentation level 8, expected level should be 4. [Indentation]
[checkstyle] [ERROR] C:\work\zRSADriver\ace_conn\test\org\idmunit\connector\ModifyTokenTests.java:20: Line has trailing spaces. [RegexpSingleline]
[checkstyle] [ERROR] C:\work\zRSADriver\ace_conn\test\org\idmunit\connector\ModifyTokenTests.java:22: Line has trailing spaces. [RegexpSingleline]
[checkstyle] [ERROR] C:\work\zRSADriver\ace_conn\test\org\idmunit\connector\ModifyTokenTests.java:23:5: Variable access definition in wrong order. [DeclarationOrder]
[checkstyle] [ERROR] C:\work\zRSADriver\ace_conn\test\org\idmunit\connector\ModifyTokenTests.java:24:5: Variable access definition in wrong order. [DeclarationOrder]
[checkstyle] [ERROR] C:\work\zRSADriver\ace_conn\test\org\idmunit\connector\ModifyTokenTests.java:27: 'method def' child have incorrect indentation level 16, expected level should be 8. [Indentation]
[checkstyle] [ERROR] C:\work\zRSADriver\ace_conn\test\org\idmunit\connector\ModifyTokenTests.java:28: Line has trailing spaces. [RegexpSingleline]
[checkstyle] [ERROR] C:\work\zRSADriver\ace_conn\test\org\idmunit\connector\ModifyTokenTests.java:29: 'try' have incorrect indentation level 16, expected level should be 8. [Indentation]
[checkstyle] [ERROR] C:\work\zRSADriver\ace_conn\test\org\idmunit\connector\ModifyTokenTests.java:30: 'try' child have incorrect indentation level 24, expected level should be 12. [Indentation]
[checkstyle] [ERROR] C:\work\zRSADriver\ace_conn\test\org\idmunit\connector\ModifyTokenTests.java:31: 'try rcurly' have incorrect indentation level 16, expected level should be 8. [Indentation]
[checkstyle] [ERROR] C:\work\zRSADriver\ace_conn\test\org\idmunit\connector\ModifyTokenTests.java:31:46: Name 'e1' must match pattern '^(e|t|ex|[a-z][a-z][a-zA-Z]+)$'. [CatchParameterName]
[checkstyle] [ERROR] C:\work\zRSADriver\ace_conn\test\org\idmunit\connector\ModifyTokenTests.java:33: 'catch rcurly' have incorrect indentation level 16, expected level should be 8. [Indentation]
[checkstyle] [ERROR] C:\work\zRSADriver\ace_conn\test\org\idmunit\connector\ModifyTokenTests.java:34: Line has trailing spaces. [RegexpSingleline]
[checkstyle] [ERROR] C:\work\zRSADriver\ace_conn\test\org\idmunit\connector\ModifyTokenTests.java:38: Line has trailing spaces. [RegexpSingleline]
[checkstyle] [ERROR] C:\work\zRSADriver\ace_conn\test\org\idmunit\connector\ModifyTokenTests.java:41: Line has trailing spaces. [RegexpSingleline]
[checkstyle] [ERROR] C:\work\zRSADriver\ace_conn\test\org\idmunit\connector\ModifyTokenTests.java:44: Line has trailing spaces. [RegexpSingleline]
[checkstyle] [ERROR] C:\work\zRSADriver\ace_conn\test\org\idmunit\connector\ModifyTokenTests.java:48: 'method def' child have incorrect indentation level 16, expected level should be 8. [Indentation]
[checkstyle] [ERROR] C:\work\zRSADriver\ace_conn\test\org\idmunit\connector\ModifyTokenTests.java:51: 'method def' child have incorrect indentation level 16, expected level should be 8. [Indentation]
[checkstyle] [ERROR] C:\work\zRSADriver\ace_conn\test\org\idmunit\connector\ModifyTokenTests.java:51:28: ',' is not followed by whitespace. [WhitespaceAfter]
[checkstyle] [ERROR] C:\work\zRSADriver\ace_conn\test\org\idmunit\connector\ModifyTokenTests.java:52: Line has trailing spaces. [RegexpSingleline]
[checkstyle] [ERROR] C:\work\zRSADriver\ace_conn\test\org\idmunit\connector\ModifyTokenTests.java:64: Line has trailing spaces. [RegexpSingleline]
[checkstyle] [ERROR] C:\work\zRSADriver\ace_conn\test\org\idmunit\connector\ModifyTokenTests.java:65: Line has trailing spaces. [RegexpSingleline]
[checkstyle] [ERROR] C:\work\zRSADriver\ace_conn\test\org\idmunit\connector\ModifyTokenTests.java:73: 'method def rcurly' have incorrect indentation level 8, expected level should be 4. [Indentation]
[checkstyle] [ERROR] C:\work\zRSADriver\ace_conn\test\org\idmunit\connector\ModifyTokenTests.java:74: Line has trailing spaces. [RegexpSingleline]
[checkstyle] [ERROR] C:\work\zRSADriver\ace_conn\test\org\idmunit\connector\ModifyTokenTests.java:75: 'method def modifier' have incorrect indentation level 8, expected level should be 4. [Indentation]
[checkstyle] [ERROR] C:\work\zRSADriver\ace_conn\test\org\idmunit\connector\ModifyTokenTests.java:76: 'try' have incorrect indentation level 16, expected level should be 8. [Indentation]
[checkstyle] [ERROR] C:\work\zRSADriver\ace_conn\test\org\idmunit\connector\ModifyTokenTests.java:77: 'try' child have incorrect indentation level 24, expected level should be 12. [Indentation]
[checkstyle] [ERROR] C:\work\zRSADriver\ace_conn\test\org\idmunit\connector\ModifyTokenTests.java:78: 'try rcurly' have incorrect indentation level 16, expected level should be 8. [Indentation]
[checkstyle] [ERROR] C:\work\zRSADriver\ace_conn\test\org\idmunit\connector\ModifyTokenTests.java:79: 'if' have incorrect indentation level 24, expected level should be 12. [Indentation]
[checkstyle] [ERROR] C:\work\zRSADriver\ace_conn\test\org\idmunit\connector\ModifyTokenTests.java:80: 'if' child have incorrect indentation level 32, expected level should be 16. [Indentation]
[checkstyle] [ERROR] C:\work\zRSADriver\ace_conn\test\org\idmunit\connector\ModifyTokenTests.java:81: 'if rcurly' have incorrect indentation level 24, expected level should be 12. [Indentation]
[checkstyle] [ERROR] C:\work\zRSADriver\ace_conn\test\org\idmunit\connector\ModifyTokenTests.java:82: 'catch rcurly' have incorrect indentation level 16, expected level should be 8. [Indentation]
[checkstyle] [ERROR] C:\work\zRSADriver\ace_conn\test\org\idmunit\connector\ModifyTokenTests.java:83: 'method def rcurly' have incorrect indentation level 8, expected level should be 4. [Indentation]
[checkstyle] [ERROR] C:\work\zRSADriver\ace_conn\test\org\idmunit\connector\ModifyTokenTests.java:84: Line has trailing spaces. [RegexpSingleline]
[checkstyle] [ERROR] C:\work\zRSADriver\ace_conn\test\org\idmunit\connector\ModifyTokenTests.java:85: 'method def modifier' have incorrect indentation level 8, expected level should be 4. [Indentation]
[checkstyle] [ERROR] C:\work\zRSADriver\ace_conn\test\org\idmunit\connector\ModifyTokenTests.java:86: 'method def' child have incorrect indentation level 16, expected level should be 8. [Indentation]
[checkstyle] [ERROR] C:\work\zRSADriver\ace_conn\test\org\idmunit\connector\ModifyTokenTests.java:87: 'method def' child have incorrect indentation level 16, expected level should be 8. [Indentation]
[checkstyle] [ERROR] C:\work\zRSADriver\ace_conn\test\org\idmunit\connector\ModifyTokenTests.java:88: 'method def' child have incorrect indentation level 16, expected level should be 8. [Indentation]
[checkstyle] [ERROR] C:\work\zRSADriver\ace_conn\test\org\idmunit\connector\ModifyTokenTests.java:89: 'method def' child have incorrect indentation level 16, expected level should be 8. [Indentation]
[checkstyle] [ERROR] C:\work\zRSADriver\ace_conn\test\org\idmunit\connector\ModifyTokenTests.java:90: 'method def' child have incorrect indentation level 16, expected level should be 8. [Indentation]
[checkstyle] [ERROR] C:\work\zRSADriver\ace_conn\test\org\idmunit\connector\ModifyTokenTests.java:91: 'method def' child have incorrect indentation level 16, expected level should be 8. [Indentation]
[checkstyle] [ERROR] C:\work\zRSADriver\ace_conn\test\org\idmunit\connector\ModifyTokenTests.java:92: 'method def rcurly' have incorrect indentation level 8, expected level should be 4. [Indentation]
[checkstyle] [ERROR] C:\work\zRSADriver\ace_conn\test\org\idmunit\connector\ModifyTokenTests.java:94: 'method def modifier' have incorrect indentation level 8, expected level should be 4. [Indentation]
[checkstyle] [ERROR] C:\work\zRSADriver\ace_conn\test\org\idmunit\connector\ModifyTokenTests.java:96: Line has trailing spaces. [RegexpSingleline]
[checkstyle] [ERROR] C:\work\zRSADriver\ace_conn\test\org\idmunit\connector\ModifyTokenTests.java:98: Line has trailing spaces. [RegexpSingleline]
[checkstyle] [ERROR] C:\work\zRSADriver\ace_conn\test\org\idmunit\connector\ModifyTokenTests.java:99: 'try' have incorrect indentation level 16, expected level should be 8. [Indentation]
[checkstyle] [ERROR] C:\work\zRSADriver\ace_conn\test\org\idmunit\connector\ModifyTokenTests.java:101: 'try rcurly' have incorrect indentation level 16, expected level should be 8. [Indentation]
[checkstyle] [ERROR] C:\work\zRSADriver\ace_conn\test\org\idmunit\connector\ModifyTokenTests.java:102: 'catch' child have incorrect indentation level 24, expected level should be 12. [Indentation]
[checkstyle] [ERROR] C:\work\zRSADriver\ace_conn\test\org\idmunit\connector\ModifyTokenTests.java:103: 'catch rcurly' have incorrect indentation level 16, expected level should be 8. [Indentation]
[checkstyle] [ERROR] C:\work\zRSADriver\ace_conn\test\org\idmunit\connector\ModifyTokenTests.java:104: Line has trailing spaces. [RegexpSingleline]
[checkstyle] [ERROR] C:\work\zRSADriver\ace_conn\test\org\idmunit\connector\ModifyTokenTests.java:105: 'method def rcurly' have incorrect indentation level 8, expected level should be 4. [Indentation]
[checkstyle] [ERROR] C:\work\zRSADriver\ace_conn\test\org\idmunit\connector\ModifyTokenTests.java:106: Line has trailing spaces. [RegexpSingleline]
[checkstyle] [ERROR] C:\work\zRSADriver\ace_conn\test\org\idmunit\connector\ModifyTokenTests.java:107: 'method def modifier' have incorrect indentation level 8, expected level should be 4. [Indentation]
[checkstyle] [ERROR] C:\work\zRSADriver\ace_conn\test\org\idmunit\connector\ModifyTokenTests.java:108: 'method def' child have incorrect indentation level 16, expected level should be 8. [Indentation]
[checkstyle] [ERROR] C:\work\zRSADriver\ace_conn\test\org\idmunit\connector\ModifyTokenTests.java:110: Line has trailing spaces. [RegexpSingleline]
[checkstyle] [ERROR] C:\work\zRSADriver\ace_conn\test\org\idmunit\connector\ModifyTokenTests.java:112: Line has trailing spaces. [RegexpSingleline]
[checkstyle] [ERROR] C:\work\zRSADriver\ace_conn\test\org\idmunit\connector\ModifyTokenTests.java:113: 'method def' child have incorrect indentation level 16, expected level should be 8. [Indentation]
[checkstyle] [ERROR] C:\work\zRSADriver\ace_conn\test\org\idmunit\connector\ModifyTokenTests.java:114: Line has trailing spaces. [RegexpSingleline]
[checkstyle] [ERROR] C:\work\zRSADriver\ace_conn\test\org\idmunit\connector\ModifyTokenTests.java:118: Line has trailing spaces. [RegexpSingleline]
[checkstyle] [ERROR] C:\work\zRSADriver\ace_conn\test\org\idmunit\connector\ModifyTokenTests.java:120: Line has trailing spaces. [RegexpSingleline]
[checkstyle] [ERROR] C:\work\zRSADriver\ace_conn\test\org\idmunit\connector\ModifyTokenTests.java:125: Line has trailing spaces. [RegexpSingleline]
[checkstyle] [ERROR] C:\work\zRSADriver\ace_conn\test\org\idmunit\connector\ModifyTokenTests.java:126: 'method def rcurly' have incorrect indentation level 8, expected level should be 4. [Indentation]
[checkstyle] [ERROR] C:\work\zRSADriver\ace_conn\test\org\idmunit\connector\ModifyTokenTests.java:127: Line has trailing spaces. [RegexpSingleline]
[checkstyle] [ERROR] C:\work\zRSADriver\ace_conn\test\org\idmunit\connector\ModifyTokenTests.java:128: 'method def modifier' have incorrect indentation level 8, expected level should be 4. [Indentation]
[checkstyle] [ERROR] C:\work\zRSADriver\ace_conn\test\org\idmunit\connector\ModifyTokenTests.java:129: 'method def' child have incorrect indentation level 16, expected level should be 8. [Indentation]
[checkstyle] [ERROR] C:\work\zRSADriver\ace_conn\test\org\idmunit\connector\ModifyTokenTests.java:130: 'method def' child have incorrect indentation level 16, expected level should be 8. [Indentation]
[checkstyle] [ERROR] C:\work\zRSADriver\ace_conn\test\org\idmunit\connector\ModifyTokenTests.java:133: Line has trailing spaces. [RegexpSingleline]
[checkstyle] [ERROR] C:\work\zRSADriver\ace_conn\test\org\idmunit\connector\ModifyTokenTests.java:134: 'method def' child have incorrect indentation level 16, expected level should be 8. [Indentation]
[checkstyle] [ERROR] C:\work\zRSADriver\ace_conn\test\org\idmunit\connector\ModifyTokenTests.java:138: Line has trailing spaces. [RegexpSingleline]
[checkstyle] [ERROR] C:\work\zRSADriver\ace_conn\test\org\idmunit\connector\ModifyTokenTests.java:140: Line has trailing spaces. [RegexpSingleline]
[checkstyle] [ERROR] C:\work\zRSADriver\ace_conn\test\org\idmunit\connector\ModifyTokenTests.java:144: 'method def rcurly' have incorrect indentation level 8, expected level should be 4. [Indentation]
[checkstyle] [ERROR] C:\work\zRSADriver\ace_conn\test\org\idmunit\connector\ModifyUserTests.java:0: File does not end with a newline. [NewlineAtEndOfFile]
[checkstyle] [ERROR] C:\work\zRSADriver\ace_conn\test\org\idmunit\connector\ModifyUserTests.java:1: Line does not match expected header line of '^/\*$'. [RegexpHeader]
[checkstyle] [ERROR] C:\work\zRSADriver\ace_conn\test\org\idmunit\connector\ModifyUserTests.java:18: 'member def type' have incorrect indentation level 8, expected level should be 4. [Indentation]
[checkstyle] [ERROR] C:\work\zRSADriver\ace_conn\test\org\idmunit\connector\ModifyUserTests.java:18:1: File contains tab characters (this is the first instance). [FileTabCharacter]
[checkstyle] [ERROR] C:\work\zRSADriver\ace_conn\test\org\idmunit\connector\ModifyUserTests.java:19: 'member def type' have incorrect indentation level 8, expected level should be 4. [Indentation]
[checkstyle] [ERROR] C:\work\zRSADriver\ace_conn\test\org\idmunit\connector\ModifyUserTests.java:20: Line has trailing spaces. [RegexpSingleline]
[checkstyle] [ERROR] C:\work\zRSADriver\ace_conn\test\org\idmunit\connector\ModifyUserTests.java:21:5: Static variable definition in wrong order. [DeclarationOrder]
[checkstyle] [ERROR] C:\work\zRSADriver\ace_conn\test\org\idmunit\connector\ModifyUserTests.java:21:33: Name 'tokenSerialNum' must match pattern '^[A-Z][A-Z0-9]*(_[A-Z0-9]+)*$'. [ConstantName]
[checkstyle] [ERROR] C:\work\zRSADriver\ace_conn\test\org\idmunit\connector\ModifyUserTests.java:22:5: Static variable definition in wrong order. [DeclarationOrder]
[checkstyle] [ERROR] C:\work\zRSADriver\ace_conn\test\org\idmunit\connector\ModifyUserTests.java:22:33: Name 'tokenSerialNum2' must match pattern '^[A-Z][A-Z0-9]*(_[A-Z0-9]+)*$'. [ConstantName]
[checkstyle] [ERROR] C:\work\zRSADriver\ace_conn\test\org\idmunit\connector\ModifyUserTests.java:24:5: Variable access definition in wrong order. [DeclarationOrder]
[checkstyle] [ERROR] C:\work\zRSADriver\ace_conn\test\org\idmunit\connector\ModifyUserTests.java:25:5: Variable access definition in wrong order. [DeclarationOrder]
[checkstyle] [ERROR] C:\work\zRSADriver\ace_conn\test\org\idmunit\connector\ModifyUserTests.java:26: Line has trailing spaces. [RegexpSingleline]
[checkstyle] [ERROR] C:\work\zRSADriver\ace_conn\test\org\idmunit\connector\ModifyUserTests.java:27: 'method def modifier' have incorrect indentation level 8, expected level should be 4. [Indentation]
[checkstyle] [ERROR] C:\work\zRSADriver\ace_conn\test\org\idmunit\connector\ModifyUserTests.java:28: 'method def' child have incorrect indentation level 16, expected level should be 8. [Indentation]
[checkstyle] [ERROR] C:\work\zRSADriver\ace_conn\test\org\idmunit\connector\ModifyUserTests.java:29: 'try' have incorrect indentation level 16, expected level should be 8. [Indentation]
[checkstyle] [ERROR] C:\work\zRSADriver\ace_conn\test\org\idmunit\connector\ModifyUserTests.java:30: 'try' child have incorrect indentation level 24, expected level should be 12. [Indentation]
[checkstyle] [ERROR] C:\work\zRSADriver\ace_conn\test\org\idmunit\connector\ModifyUserTests.java:31: 'try rcurly' have incorrect indentation level 16, expected level should be 8. [Indentation]
[checkstyle] [ERROR] C:\work\zRSADriver\ace_conn\test\org\idmunit\connector\ModifyUserTests.java:31:46: Name 'e1' must match pattern '^(e|t|ex|[a-z][a-z][a-zA-Z]+)$'. [CatchParameterName]
[checkstyle] [ERROR] C:\work\zRSADriver\ace_conn\test\org\idmunit\connector\ModifyUserTests.java:33: 'catch rcurly' have incorrect indentation level 16, expected level should be 8. [Indentation]
[checkstyle] [ERROR] C:\work\zRSADriver\ace_conn\test\org\idmunit\connector\ModifyUserTests.java:34: Line has trailing spaces. [RegexpSingleline]
[checkstyle] [ERROR] C:\work\zRSADriver\ace_conn\test\org\idmunit\connector\ModifyUserTests.java:37: Line has trailing spaces. [RegexpSingleline]
[checkstyle] [ERROR] C:\work\zRSADriver\ace_conn\test\org\idmunit\connector\ModifyUserTests.java:40: Line has trailing spaces. [RegexpSingleline]
[checkstyle] [ERROR] C:\work\zRSADriver\ace_conn\test\org\idmunit\connector\ModifyUserTests.java:43: Line has trailing spaces. [RegexpSingleline]
[checkstyle] [ERROR] C:\work\zRSADriver\ace_conn\test\org\idmunit\connector\ModifyUserTests.java:45: Line has trailing spaces. [RegexpSingleline]
[checkstyle] [ERROR] C:\work\zRSADriver\ace_conn\test\org\idmunit\connector\ModifyUserTests.java:46: 'method def' child have incorrect indentation level 16, expected level should be 8. [Indentation]
[checkstyle] [ERROR] C:\work\zRSADriver\ace_conn\test\org\idmunit\connector\ModifyUserTests.java:52: 'method def' child have incorrect indentation level 16, expected level should be 8. [Indentation]
[checkstyle] [ERROR] C:\work\zRSADriver\ace_conn\test\org\idmunit\connector\ModifyUserTests.java:52:28: ',' is not followed by whitespace. [WhitespaceAfter]
[checkstyle] [ERROR] C:\work\zRSADriver\ace_conn\test\org\idmunit\connector\ModifyUserTests.java:53: Line has trailing spaces. [RegexpSingleline]
[checkstyle] [ERROR] C:\work\zRSADriver\ace_conn\test\org\idmunit\connector\ModifyUserTests.java:65: 'try' have incorrect indentation level 16, expected level should be 8. [Indentation]
[checkstyle] [ERROR] C:\work\zRSADriver\ace_conn\test\org\idmunit\connector\ModifyUserTests.java:71: 'method def rcurly' have incorrect indentation level 8, expected level should be 4. [Indentation]
[checkstyle] [ERROR] C:\work\zRSADriver\ace_conn\test\org\idmunit\connector\ModifyUserTests.java:72: Line has trailing spaces. [RegexpSingleline]
[checkstyle] [ERROR] C:\work\zRSADriver\ace_conn\test\org\idmunit\connector\ModifyUserTests.java:73: 'method def modifier' have incorrect indentation level 8, expected level should be 4. [Indentation]
[checkstyle] [ERROR] C:\work\zRSADriver\ace_conn\test\org\idmunit\connector\ModifyUserTests.java:74: 'try' have incorrect indentation level 16, expected level should be 8. [Indentation]
[checkstyle] [ERROR] C:\work\zRSADriver\ace_conn\test\org\idmunit\connector\ModifyUserTests.java:75: 'try' child have incorrect indentation level 24, expected level should be 12. [Indentation]
[checkstyle] [ERROR] C:\work\zRSADriver\ace_conn\test\org\idmunit\connector\ModifyUserTests.java:76: 'try rcurly' have incorrect indentation level 16, expected level should be 8. [Indentation]
[checkstyle] [ERROR] C:\work\zRSADriver\ace_conn\test\org\idmunit\connector\ModifyUserTests.java:77: 'if' have incorrect indentation level 24, expected level should be 12. [Indentation]
[checkstyle] [ERROR] C:\work\zRSADriver\ace_conn\test\org\idmunit\connector\ModifyUserTests.java:78: 'if' child have incorrect indentation level 32, expected level should be 16. [Indentation]
[checkstyle] [ERROR] C:\work\zRSADriver\ace_conn\test\org\idmunit\connector\ModifyUserTests.java:79: 'if rcurly' have incorrect indentation level 24, expected level should be 12. [Indentation]
[checkstyle] [ERROR] C:\work\zRSADriver\ace_conn\test\org\idmunit\connector\ModifyUserTests.java:80: 'catch rcurly' have incorrect indentation level 16, expected level should be 8. [Indentation]
[checkstyle] [ERROR] C:\work\zRSADriver\ace_conn\test\org\idmunit\connector\ModifyUserTests.java:81: 'method def rcurly' have incorrect indentation level 8, expected level should be 4. [Indentation]
[checkstyle] [ERROR] C:\work\zRSADriver\ace_conn\test\org\idmunit\connector\ModifyUserTests.java:82: Line has trailing spaces. [RegexpSingleline]
[checkstyle] [ERROR] C:\work\zRSADriver\ace_conn\test\org\idmunit\connector\ModifyUserTests.java:83: 'method def modifier' have incorrect indentation level 8, expected level should be 4. [Indentation]
[checkstyle] [ERROR] C:\work\zRSADriver\ace_conn\test\org\idmunit\connector\ModifyUserTests.java:84: 'method def' child have incorrect indentation level 16, expected level should be 8. [Indentation]
[checkstyle] [ERROR] C:\work\zRSADriver\ace_conn\test\org\idmunit\connector\ModifyUserTests.java:85: 'method def' child have incorrect indentation level 16, expected level should be 8. [Indentation]
[checkstyle] [ERROR] C:\work\zRSADriver\ace_conn\test\org\idmunit\connector\ModifyUserTests.java:86: 'method def' child have incorrect indentation level 16, expected level should be 8. [Indentation]
[checkstyle] [ERROR] C:\work\zRSADriver\ace_conn\test\org\idmunit\connector\ModifyUserTests.java:87: 'method def' child have incorrect indentation level 16, expected level should be 8. [Indentation]
[checkstyle] [ERROR] C:\work\zRSADriver\ace_conn\test\org\idmunit\connector\ModifyUserTests.java:88: 'method def' child have incorrect indentation level 16, expected level should be 8. [Indentation]
[checkstyle] [ERROR] C:\work\zRSADriver\ace_conn\test\org\idmunit\connector\ModifyUserTests.java:89: 'method def' child have incorrect indentation level 16, expected level should be 8. [Indentation]
[checkstyle] [ERROR] C:\work\zRSADriver\ace_conn\test\org\idmunit\connector\ModifyUserTests.java:90: 'method def rcurly' have incorrect indentation level 8, expected level should be 4. [Indentation]
[checkstyle] [ERROR] C:\work\zRSADriver\ace_conn\test\org\idmunit\connector\ModifyUserTests.java:91: Line has trailing spaces. [RegexpSingleline]
[checkstyle] [ERROR] C:\work\zRSADriver\ace_conn\test\org\idmunit\connector\ModifyUserTests.java:92: 'method def modifier' have incorrect indentation level 8, expected level should be 4. [Indentation]
[checkstyle] [ERROR] C:\work\zRSADriver\ace_conn\test\org\idmunit\connector\ModifyUserTests.java:93: Line has trailing spaces. [RegexpSingleline]
[checkstyle] [ERROR] C:\work\zRSADriver\ace_conn\test\org\idmunit\connector\ModifyUserTests.java:96: 'method def' child have incorrect indentation level 16, expected level should be 8. [Indentation]
[checkstyle] [ERROR] C:\work\zRSADriver\ace_conn\test\org\idmunit\connector\ModifyUserTests.java:96: Line has trailing spaces. [RegexpSingleline]
[checkstyle] [ERROR] C:\work\zRSADriver\ace_conn\test\org\idmunit\connector\ModifyUserTests.java:97: 'method def' child have incorrect indentation level 16, expected level should be 8. [Indentation]
[checkstyle] [ERROR] C:\work\zRSADriver\ace_conn\test\org\idmunit\connector\ModifyUserTests.java:98: Line has trailing spaces. [RegexpSingleline]
[checkstyle] [ERROR] C:\work\zRSADriver\ace_conn\test\org\idmunit\connector\ModifyUserTests.java:100: Line has trailing spaces. [RegexpSingleline]
[checkstyle] [ERROR] C:\work\zRSADriver\ace_conn\test\org\idmunit\connector\ModifyUserTests.java:101: 'method def' child have incorrect indentation level 16, expected level should be 8. [Indentation]
[checkstyle] [ERROR] C:\work\zRSADriver\ace_conn\test\org\idmunit\connector\ModifyUserTests.java:102: Line has trailing spaces. [RegexpSingleline]
[checkstyle] [ERROR] C:\work\zRSADriver\ace_conn\test\org\idmunit\connector\ModifyUserTests.java:104: Line has trailing spaces. [RegexpSingleline]
[checkstyle] [ERROR] C:\work\zRSADriver\ace_conn\test\org\idmunit\connector\ModifyUserTests.java:106: Line has trailing spaces. [RegexpSingleline]
[checkstyle] [ERROR] C:\work\zRSADriver\ace_conn\test\org\idmunit\connector\ModifyUserTests.java:107: Line has trailing spaces. [RegexpSingleline]
[checkstyle] [ERROR] C:\work\zRSADriver\ace_conn\test\org\idmunit\connector\ModifyUserTests.java:108:35: ',' is not followed by whitespace. [WhitespaceAfter]
[checkstyle] [ERROR] C:\work\zRSADriver\ace_conn\test\org\idmunit\connector\ModifyUserTests.java:109:35: ',' is not followed by whitespace. [WhitespaceAfter]
[checkstyle] [ERROR] C:\work\zRSADriver\ace_conn\test\org\idmunit\connector\ModifyUserTests.java:111: Line has trailing spaces. [RegexpSingleline]
[checkstyle] [ERROR] C:\work\zRSADriver\ace_conn\test\org\idmunit\connector\ModifyUserTests.java:112: 'method def rcurly' have incorrect indentation level 8, expected level should be 4. [Indentation]
[checkstyle] [ERROR] C:\work\zRSADriver\ace_conn\test\org\idmunit\connector\ModifyUserTests.java:113: Line has trailing spaces. [RegexpSingleline]
[checkstyle] [ERROR] C:\work\zRSADriver\ace_conn\test\org\idmunit\connector\ModifyUserTests.java:114: 'method def modifier' have incorrect indentation level 8, expected level should be 4. [Indentation]
[checkstyle] [ERROR] C:\work\zRSADriver\ace_conn\test\org\idmunit\connector\ModifyUserTests.java:115: Line has trailing spaces. [RegexpSingleline]
[checkstyle] [ERROR] C:\work\zRSADriver\ace_conn\test\org\idmunit\connector\ModifyUserTests.java:117: 'method def' child have incorrect indentation level 16, expected level should be 8. [Indentation]
[checkstyle] [ERROR] C:\work\zRSADriver\ace_conn\test\org\idmunit\connector\ModifyUserTests.java:118: 'method def' child have incorrect indentation level 16, expected level should be 8. [Indentation]
[checkstyle] [ERROR] C:\work\zRSADriver\ace_conn\test\org\idmunit\connector\ModifyUserTests.java:118: Line has trailing spaces. [RegexpSingleline]
[checkstyle] [ERROR] C:\work\zRSADriver\ace_conn\test\org\idmunit\connector\ModifyUserTests.java:119: 'method def' child have incorrect indentation level 16, expected level should be 8. [Indentation]
[checkstyle] [ERROR] C:\work\zRSADriver\ace_conn\test\org\idmunit\connector\ModifyUserTests.java:120: Line has trailing spaces. [RegexpSingleline]
[checkstyle] [ERROR] C:\work\zRSADriver\ace_conn\test\org\idmunit\connector\ModifyUserTests.java:122: Line has trailing spaces. [RegexpSingleline]
[checkstyle] [ERROR] C:\work\zRSADriver\ace_conn\test\org\idmunit\connector\ModifyUserTests.java:125: Line has trailing spaces. [RegexpSingleline]
[checkstyle] [ERROR] C:\work\zRSADriver\ace_conn\test\org\idmunit\connector\ModifyUserTests.java:128: 'method def rcurly' have incorrect indentation level 8, expected level should be 4. [Indentation]
[checkstyle] [ERROR] C:\work\zRSADriver\ace_conn\test\org\idmunit\connector\ModifyUserTests.java:129: Line has trailing spaces. [RegexpSingleline]
[checkstyle] [ERROR] C:\work\zRSADriver\ace_conn\test\org\idmunit\connector\ModifyUserTests.java:130: 'method def modifier' have incorrect indentation level 8, expected level should be 4. [Indentation]
[checkstyle] [ERROR] C:\work\zRSADriver\ace_conn\test\org\idmunit\connector\ModifyUserTests.java:132: 'method def' child have incorrect indentation level 16, expected level should be 8. [Indentation]
[checkstyle] [ERROR] C:\work\zRSADriver\ace_conn\test\org\idmunit\connector\ModifyUserTests.java:133: 'method def' child have incorrect indentation level 16, expected level should be 8. [Indentation]
[checkstyle] [ERROR] C:\work\zRSADriver\ace_conn\test\org\idmunit\connector\ModifyUserTests.java:133: Line has trailing spaces. [RegexpSingleline]
[checkstyle] [ERROR] C:\work\zRSADriver\ace_conn\test\org\idmunit\connector\ModifyUserTests.java:134: 'method def' child have incorrect indentation level 16, expected level should be 8. [Indentation]
[checkstyle] [ERROR] C:\work\zRSADriver\ace_conn\test\org\idmunit\connector\ModifyUserTests.java:135: Line has trailing spaces. [RegexpSingleline]
[checkstyle] [ERROR] C:\work\zRSADriver\ace_conn\test\org\idmunit\connector\ModifyUserTests.java:137: Line has trailing spaces. [RegexpSingleline]
[checkstyle] [ERROR] C:\work\zRSADriver\ace_conn\test\org\idmunit\connector\ModifyUserTests.java:138: 'method def' child have incorrect indentation level 16, expected level should be 8. [Indentation]
[checkstyle] [ERROR] C:\work\zRSADriver\ace_conn\test\org\idmunit\connector\ModifyUserTests.java:139: 'method def rcurly' have incorrect indentation level 8, expected level should be 4. [Indentation]
[checkstyle] [ERROR] C:\work\zRSADriver\ace_conn\test\org\idmunit\connector\ModifyUserTests.java:140: Line has trailing spaces. [RegexpSingleline]
[checkstyle] [ERROR] C:\work\zRSADriver\ace_conn\test\org\idmunit\connector\ModifyUserTests.java:141: 'method def modifier' have incorrect indentation level 8, expected level should be 4. [Indentation]
[checkstyle] [ERROR] C:\work\zRSADriver\ace_conn\test\org\idmunit\connector\ModifyUserTests.java:143: 'method def' child have incorrect indentation level 16, expected level should be 8. [Indentation]
[checkstyle] [ERROR] C:\work\zRSADriver\ace_conn\test\org\idmunit\connector\ModifyUserTests.java:144: 'method def' child have incorrect indentation level 16, expected level should be 8. [Indentation]
[checkstyle] [ERROR] C:\work\zRSADriver\ace_conn\test\org\idmunit\connector\ModifyUserTests.java:144: Line has trailing spaces. [RegexpSingleline]
[checkstyle] [ERROR] C:\work\zRSADriver\ace_conn\test\org\idmunit\connector\ModifyUserTests.java:145: 'method def' child have incorrect indentation level 16, expected level should be 8. [Indentation]
[checkstyle] [ERROR] C:\work\zRSADriver\ace_conn\test\org\idmunit\connector\ModifyUserTests.java:146: Line has trailing spaces. [RegexpSingleline]
[checkstyle] [ERROR] C:\work\zRSADriver\ace_conn\test\org\idmunit\connector\ModifyUserTests.java:152: Line has trailing spaces. [RegexpSingleline]
[checkstyle] [ERROR] C:\work\zRSADriver\ace_conn\test\org\idmunit\connector\ModifyUserTests.java:153: 'method def' child have incorrect indentation level 16, expected level should be 8. [Indentation]
[checkstyle] [ERROR] C:\work\zRSADriver\ace_conn\test\org\idmunit\connector\ModifyUserTests.java:154: 'method def rcurly' have incorrect indentation level 8, expected level should be 4. [Indentation]
[checkstyle] [ERROR] C:\work\zRSADriver\ace_conn\test\org\idmunit\connector\ModifyUserTests.java:155: Line has trailing spaces. [RegexpSingleline]
[checkstyle] [ERROR] C:\work\zRSADriver\ace_conn\test\org\idmunit\connector\ModifyUserTests.java:156: 'method def modifier' have incorrect indentation level 8, expected level should be 4. [Indentation]
[checkstyle] [ERROR] C:\work\zRSADriver\ace_conn\test\org\idmunit\connector\ModifyUserTests.java:158: 'method def' child have incorrect indentation level 16, expected level should be 8. [Indentation]
[checkstyle] [ERROR] C:\work\zRSADriver\ace_conn\test\org\idmunit\connector\ModifyUserTests.java:159: 'method def' child have incorrect indentation level 16, expected level should be 8. [Indentation]
[checkstyle] [ERROR] C:\work\zRSADriver\ace_conn\test\org\idmunit\connector\ModifyUserTests.java:161: 'method def' child have incorrect indentation level 16, expected level should be 8. [Indentation]
[checkstyle] [ERROR] C:\work\zRSADriver\ace_conn\test\org\idmunit\connector\ModifyUserTests.java:162: Line has trailing spaces. [RegexpSingleline]
[checkstyle] [ERROR] C:\work\zRSADriver\ace_conn\test\org\idmunit\connector\ModifyUserTests.java:163: Line has trailing spaces. [RegexpSingleline]
[checkstyle] [ERROR] C:\work\zRSADriver\ace_conn\test\org\idmunit\connector\ModifyUserTests.java:164: Line has trailing spaces. [RegexpSingleline]
[checkstyle] [ERROR] C:\work\zRSADriver\ace_conn\test\org\idmunit\connector\ModifyUserTests.java:167: 'method def' child have incorrect indentation level 16, expected level should be 8. [Indentation]
[checkstyle] [ERROR] C:\work\zRSADriver\ace_conn\test\org\idmunit\connector\ModifyUserTests.java:168: 'method def' child have incorrect indentation level 16, expected level should be 8. [Indentation]
[checkstyle] [ERROR] C:\work\zRSADriver\ace_conn\test\org\idmunit\connector\ModifyUserTests.java:168: Line has trailing spaces. [RegexpSingleline]
[checkstyle] [ERROR] C:\work\zRSADriver\ace_conn\test\org\idmunit\connector\ModifyUserTests.java:169: 'method def' child have incorrect indentation level 16, expected level should be 8. [Indentation]
[checkstyle] [ERROR] C:\work\zRSADriver\ace_conn\test\org\idmunit\connector\ModifyUserTests.java:169: Line has trailing spaces. [RegexpSingleline]
[checkstyle] [ERROR] C:\work\zRSADriver\ace_conn\test\org\idmunit\connector\ModifyUserTests.java:171: 'method def' child have incorrect indentation level 16, expected level should be 8. [Indentation]
[checkstyle] [ERROR] C:\work\zRSADriver\ace_conn\test\org\idmunit\connector\ModifyUserTests.java:172: Line has trailing spaces. [RegexpSingleline]
[checkstyle] [ERROR] C:\work\zRSADriver\ace_conn\test\org\idmunit\connector\ModifyUserTests.java:173: Line has trailing spaces. [RegexpSingleline]
[checkstyle] [ERROR] C:\work\zRSADriver\ace_conn\test\org\idmunit\connector\ModifyUserTests.java:174: Line has trailing spaces. [RegexpSingleline]
[checkstyle] [ERROR] C:\work\zRSADriver\ace_conn\test\org\idmunit\connector\ModifyUserTests.java:177: 'method def' child have incorrect indentation level 16, expected level should be 8. [Indentation]
[checkstyle] [ERROR] C:\work\zRSADriver\ace_conn\test\org\idmunit\connector\ModifyUserTests.java:178: 'method def' child have incorrect indentation level 16, expected level should be 8. [Indentation]
[checkstyle] [ERROR] C:\work\zRSADriver\ace_conn\test\org\idmunit\connector\ModifyUserTests.java:178: Line has trailing spaces. [RegexpSingleline]
[checkstyle] [ERROR] C:\work\zRSADriver\ace_conn\test\org\idmunit\connector\ModifyUserTests.java:179: 'method def' child have incorrect indentation level 16, expected level should be 8. [Indentation]
[checkstyle] [ERROR] C:\work\zRSADriver\ace_conn\test\org\idmunit\connector\ModifyUserTests.java:179: Line has trailing spaces. [RegexpSingleline]
[checkstyle] [ERROR] C:\work\zRSADriver\ace_conn\test\org\idmunit\connector\ModifyUserTests.java:181: 'method def' child have incorrect indentation level 16, expected level should be 8. [Indentation]
[checkstyle] [ERROR] C:\work\zRSADriver\ace_conn\test\org\idmunit\connector\ModifyUserTests.java:182: 'method def rcurly' have incorrect indentation level 8, expected level should be 4. [Indentation]
[checkstyle] [ERROR] C:\work\zRSADriver\ace_conn\test\org\idmunit\connector\ModifyUserTests.java:183: Line has trailing spaces. [RegexpSingleline]
[checkstyle] [ERROR] C:\work\zRSADriver\ace_conn\test\org\idmunit\connector\ModifyUserTests.java:184: 'method def modifier' have incorrect indentation level 8, expected level should be 4. [Indentation]
[checkstyle] [ERROR] C:\work\zRSADriver\ace_conn\test\org\idmunit\connector\ModifyUserTests.java:186: 'method def' child have incorrect indentation level 16, expected level should be 8. [Indentation]
[checkstyle] [ERROR] C:\work\zRSADriver\ace_conn\test\org\idmunit\connector\ModifyUserTests.java:187: 'method def' child have incorrect indentation level 16, expected level should be 8. [Indentation]
[checkstyle] [ERROR] C:\work\zRSADriver\ace_conn\test\org\idmunit\connector\ModifyUserTests.java:187: Line has trailing spaces. [RegexpSingleline]
[checkstyle] [ERROR] C:\work\zRSADriver\ace_conn\test\org\idmunit\connector\ModifyUserTests.java:188: 'method def' child have incorrect indentation level 16, expected level should be 8. [Indentation]
[checkstyle] [ERROR] C:\work\zRSADriver\ace_conn\test\org\idmunit\connector\ModifyUserTests.java:189: Line has trailing spaces. [RegexpSingleline]
[checkstyle] [ERROR] C:\work\zRSADriver\ace_conn\test\org\idmunit\connector\ModifyUserTests.java:191: Line has trailing spaces. [RegexpSingleline]
[checkstyle] [ERROR] C:\work\zRSADriver\ace_conn\test\org\idmunit\connector\ModifyUserTests.java:192: 'method def' child have incorrect indentation level 16, expected level should be 8. [Indentation]
[checkstyle] [ERROR] C:\work\zRSADriver\ace_conn\test\org\idmunit\connector\ModifyUserTests.java:193: 'method def rcurly' have incorrect indentation level 8, expected level should be 4. [Indentation]
[checkstyle] [ERROR] C:\work\zRSADriver\ace_conn\test\org\idmunit\connector\ModifyUserTests.java:194: Line has trailing spaces. [RegexpSingleline]
[checkstyle] [ERROR] C:\work\zRSADriver\ace_conn\test\org\idmunit\connector\ModifyUserTests.java:195: 'method def modifier' have incorrect indentation level 8, expected level should be 4. [Indentation]
[checkstyle] [ERROR] C:\work\zRSADriver\ace_conn\test\org\idmunit\connector\ModifyUserTests.java:197: 'method def' child have incorrect indentation level 16, expected level should be 8. [Indentation]
[checkstyle] [ERROR] C:\work\zRSADriver\ace_conn\test\org\idmunit\connector\ModifyUserTests.java:198: 'method def' child have incorrect indentation level 16, expected level should be 8. [Indentation]
[checkstyle] [ERROR] C:\work\zRSADriver\ace_conn\test\org\idmunit\connector\ModifyUserTests.java:198: Line has trailing spaces. [RegexpSingleline]
[checkstyle] [ERROR] C:\work\zRSADriver\ace_conn\test\org\idmunit\connector\ModifyUserTests.java:199: 'method def' child have incorrect indentation level 16, expected level should be 8. [Indentation]
[checkstyle] [ERROR] C:\work\zRSADriver\ace_conn\test\org\idmunit\connector\ModifyUserTests.java:200: Line has trailing spaces. [RegexpSingleline]
[checkstyle] [ERROR] C:\work\zRSADriver\ace_conn\test\org\idmunit\connector\ModifyUserTests.java:202: Line has trailing spaces. [RegexpSingleline]
[checkstyle] [ERROR] C:\work\zRSADriver\ace_conn\test\org\idmunit\connector\ModifyUserTests.java:203: 'method def' child have incorrect indentation level 16, expected level should be 8. [Indentation]
[checkstyle] [ERROR] C:\work\zRSADriver\ace_conn\test\org\idmunit\connector\ModifyUserTests.java:204: 'method def rcurly' have incorrect indentation level 8, expected level should be 4. [Indentation]
[checkstyle] [ERROR] C:\work\zRSADriver\ace_conn\test\org\idmunit\connector\ModifyUserTests.java:206: 'method def modifier' have incorrect indentation level 8, expected level should be 4. [Indentation]
[checkstyle] [ERROR] C:\work\zRSADriver\ace_conn\test\org\idmunit\connector\ModifyUserTests.java:208: 'method def' child have incorrect indentation level 16, expected level should be 8. [Indentation]
[checkstyle] [ERROR] C:\work\zRSADriver\ace_conn\test\org\idmunit\connector\ModifyUserTests.java:209: 'method def' child have incorrect indentation level 16, expected level should be 8. [Indentation]
[checkstyle] [ERROR] C:\work\zRSADriver\ace_conn\test\org\idmunit\connector\ModifyUserTests.java:209: Line has trailing spaces. [RegexpSingleline]
[checkstyle] [ERROR] C:\work\zRSADriver\ace_conn\test\org\idmunit\connector\ModifyUserTests.java:210: 'method def' child have incorrect indentation level 16, expected level should be 8. [Indentation]
[checkstyle] [ERROR] C:\work\zRSADriver\ace_conn\test\org\idmunit\connector\ModifyUserTests.java:211: Line has trailing spaces. [RegexpSingleline]
[checkstyle] [ERROR] C:\work\zRSADriver\ace_conn\test\org\idmunit\connector\ModifyUserTests.java:213: Line has trailing spaces. [RegexpSingleline]
[checkstyle] [ERROR] C:\work\zRSADriver\ace_conn\test\org\idmunit\connector\ModifyUserTests.java:214: 'method def' child have incorrect indentation level 16, expected level should be 8. [Indentation]
[checkstyle] [ERROR] C:\work\zRSADriver\ace_conn\test\org\idmunit\connector\ModifyUserTests.java:215: 'method def rcurly' have incorrect indentation level 8, expected level should be 4. [Indentation]
[checkstyle] [ERROR] C:\work\zRSADriver\ace_conn\test\org\idmunit\connector\ModifyUserTests.java:217: 'method def modifier' have incorrect indentation level 8, expected level should be 4. [Indentation]
[checkstyle] [ERROR] C:\work\zRSADriver\ace_conn\test\org\idmunit\connector\ModifyUserTests.java:219: 'method def' child have incorrect indentation level 16, expected level should be 8. [Indentation]
[checkstyle] [ERROR] C:\work\zRSADriver\ace_conn\test\org\idmunit\connector\ModifyUserTests.java:220: 'method def' child have incorrect indentation level 16, expected level should be 8. [Indentation]
[checkstyle] [ERROR] C:\work\zRSADriver\ace_conn\test\org\idmunit\connector\ModifyUserTests.java:221: Line has trailing spaces. [RegexpSingleline]
[checkstyle] [ERROR] C:\work\zRSADriver\ace_conn\test\org\idmunit\connector\ModifyUserTests.java:222: 'try' have incorrect indentation level 16, expected level should be 8. [Indentation]
[checkstyle] [ERROR] C:\work\zRSADriver\ace_conn\test\org\idmunit\connector\ModifyUserTests.java:224: 'try rcurly' have incorrect indentation level 16, expected level should be 8. [Indentation]
[checkstyle] [ERROR] C:\work\zRSADriver\ace_conn\test\org\idmunit\connector\ModifyUserTests.java:225: 'catch' child have incorrect indentation level 24, expected level should be 12. [Indentation]
[checkstyle] [ERROR] C:\work\zRSADriver\ace_conn\test\org\idmunit\connector\ModifyUserTests.java:226: 'catch rcurly' have incorrect indentation level 16, expected level should be 8. [Indentation]
[checkstyle] [ERROR] C:\work\zRSADriver\ace_conn\test\org\idmunit\connector\ModifyUserTests.java:227: Line has trailing spaces. [RegexpSingleline]
[checkstyle] [ERROR] C:\work\zRSADriver\ace_conn\test\org\idmunit\connector\ModifyUserTests.java:228: 'method def rcurly' have incorrect indentation level 8, expected level should be 4. [Indentation]
[checkstyle] [ERROR] C:\work\zRSADriver\ace_conn\test\org\idmunit\connector\ModifyUserTests.java:230: 'method def modifier' have incorrect indentation level 8, expected level should be 4. [Indentation]
[checkstyle] [ERROR] C:\work\zRSADriver\ace_conn\test\org\idmunit\connector\ModifyUserTests.java:232: 'method def' child have incorrect indentation level 16, expected level should be 8. [Indentation]
[checkstyle] [ERROR] C:\work\zRSADriver\ace_conn\test\org\idmunit\connector\ModifyUserTests.java:232: Line has trailing spaces. [RegexpSingleline]
[checkstyle] [ERROR] C:\work\zRSADriver\ace_conn\test\org\idmunit\connector\ModifyUserTests.java:233: 'method def' child have incorrect indentation level 16, expected level should be 8. [Indentation]
[checkstyle] [ERROR] C:\work\zRSADriver\ace_conn\test\org\idmunit\connector\ModifyUserTests.java:234: Line has trailing spaces. [RegexpSingleline]
[checkstyle] [ERROR] C:\work\zRSADriver\ace_conn\test\org\idmunit\connector\ModifyUserTests.java:235: 'try' have incorrect indentation level 16, expected level should be 8. [Indentation]
[checkstyle] [ERROR] C:\work\zRSADriver\ace_conn\test\org\idmunit\connector\ModifyUserTests.java:237: 'try rcurly' have incorrect indentation level 16, expected level should be 8. [Indentation]
[checkstyle] [ERROR] C:\work\zRSADriver\ace_conn\test\org\idmunit\connector\ModifyUserTests.java:238: 'catch' child have incorrect indentation level 24, expected level should be 12. [Indentation]
[checkstyle] [ERROR] C:\work\zRSADriver\ace_conn\test\org\idmunit\connector\ModifyUserTests.java:239: 'catch rcurly' have incorrect indentation level 16, expected level should be 8. [Indentation]
[checkstyle] [ERROR] C:\work\zRSADriver\ace_conn\test\org\idmunit\connector\ModifyUserTests.java:240: Line has trailing spaces. [RegexpSingleline]
[checkstyle] [ERROR] C:\work\zRSADriver\ace_conn\test\org\idmunit\connector\ModifyUserTests.java:241: 'method def rcurly' have incorrect indentation level 8, expected level should be 4. [Indentation]
[checkstyle] [ERROR] C:\work\zRSADriver\ace_conn\test\org\idmunit\connector\VerifyTokenTests.java:0: File does not end with a newline. [NewlineAtEndOfFile]
[checkstyle] [ERROR] C:\work\zRSADriver\ace_conn\test\org\idmunit\connector\VerifyTokenTests.java:1: Line does not match expected header line of '^/\*$'. [RegexpHeader]
[checkstyle] [ERROR] C:\work\zRSADriver\ace_conn\test\org\idmunit\connector\VerifyTokenTests.java:19: Line has trailing spaces. [RegexpSingleline]
[checkstyle] [ERROR] C:\work\zRSADriver\ace_conn\test\org\idmunit\connector\VerifyTokenTests.java:20:5: Static variable definition in wrong order. [DeclarationOrder]
[checkstyle] [ERROR] C:\work\zRSADriver\ace_conn\test\org\idmunit\connector\VerifyTokenTests.java:20:32: Name 'startDate' must match pattern '^[A-Z][A-Z0-9]*(_[A-Z0-9]+)*$'. [ConstantName]
[checkstyle] [ERROR] C:\work\zRSADriver\ace_conn\test\org\idmunit\connector\VerifyTokenTests.java:21:5: Static variable definition in wrong order. [DeclarationOrder]
[checkstyle] [ERROR] C:\work\zRSADriver\ace_conn\test\org\idmunit\connector\VerifyTokenTests.java:21:29: Name 'startHour' must match pattern '^[A-Z][A-Z0-9]*(_[A-Z0-9]+)*$'. [ConstantName]
[checkstyle] [ERROR] C:\work\zRSADriver\ace_conn\test\org\idmunit\connector\VerifyTokenTests.java:21:44: ';' is not followed by whitespace. [WhitespaceAfter]
[checkstyle] [ERROR] C:\work\zRSADriver\ace_conn\test\org\idmunit\connector\VerifyTokenTests.java:22:5: Static variable definition in wrong order. [DeclarationOrder]
[checkstyle] [ERROR] C:\work\zRSADriver\ace_conn\test\org\idmunit\connector\VerifyTokenTests.java:22:32: Name 'endDate' must match pattern '^[A-Z][A-Z0-9]*(_[A-Z0-9]+)*$'. [ConstantName]
[checkstyle] [ERROR] C:\work\zRSADriver\ace_conn\test\org\idmunit\connector\VerifyTokenTests.java:23:5: Static variable definition in wrong order. [DeclarationOrder]
[checkstyle] [ERROR] C:\work\zRSADriver\ace_conn\test\org\idmunit\connector\VerifyTokenTests.java:23:29: Name 'endHour' must match pattern '^[A-Z][A-Z0-9]*(_[A-Z0-9]+)*$'. [ConstantName]
[checkstyle] [ERROR] C:\work\zRSADriver\ace_conn\test\org\idmunit\connector\VerifyTokenTests.java:25:5: Static variable definition in wrong order. [DeclarationOrder]
[checkstyle] [ERROR] C:\work\zRSADriver\ace_conn\test\org\idmunit\connector\VerifyTokenTests.java:25:33: Name 'tokenSerialNum' must match pattern '^[A-Z][A-Z0-9]*(_[A-Z0-9]+)*$'. [ConstantName]
[checkstyle] [ERROR] C:\work\zRSADriver\ace_conn\test\org\idmunit\connector\VerifyTokenTests.java:27: Line has trailing spaces. [RegexpSingleline]
[checkstyle] [ERROR] C:\work\zRSADriver\ace_conn\test\org\idmunit\connector\VerifyTokenTests.java:30: Line has trailing spaces. [RegexpSingleline]
[checkstyle] [ERROR] C:\work\zRSADriver\ace_conn\test\org\idmunit\connector\VerifyTokenTests.java:42: Line has trailing spaces. [RegexpSingleline]
[checkstyle] [ERROR] C:\work\zRSADriver\ace_conn\test\org\idmunit\connector\VerifyTokenTests.java:44: Line has trailing spaces. [RegexpSingleline]
[checkstyle] [ERROR] C:\work\zRSADriver\ace_conn\test\org\idmunit\connector\VerifyTokenTests.java:44:5: File contains tab characters (this is the first instance). [FileTabCharacter]
[checkstyle] [ERROR] C:\work\zRSADriver\ace_conn\test\org\idmunit\connector\VerifyTokenTests.java:48: Line has trailing spaces. [RegexpSingleline]
[checkstyle] [ERROR] C:\work\zRSADriver\ace_conn\test\org\idmunit\connector\VerifyTokenTests.java:51: Line has trailing spaces. [RegexpSingleline]
[checkstyle] [ERROR] C:\work\zRSADriver\ace_conn\test\org\idmunit\connector\VerifyTokenTests.java:58: Line has trailing spaces. [RegexpSingleline]
[checkstyle] [ERROR] C:\work\zRSADriver\ace_conn\test\org\idmunit\connector\VerifyTokenTests.java:59:96: 'startDate' hides a field. [HiddenField]
[checkstyle] [ERROR] C:\work\zRSADriver\ace_conn\test\org\idmunit\connector\VerifyTokenTests.java:59:111: 'startHour' hides a field. [HiddenField]
[checkstyle] [ERROR] C:\work\zRSADriver\ace_conn\test\org\idmunit\connector\VerifyTokenTests.java:59:129: 'endDate' hides a field. [HiddenField]
[checkstyle] [ERROR] C:\work\zRSADriver\ace_conn\test\org\idmunit\connector\VerifyTokenTests.java:59:142: 'endHour' hides a field. [HiddenField]
[checkstyle] [ERROR] C:\work\zRSADriver\ace_conn\test\org\idmunit\connector\VerifyTokenTests.java:63: 'try' child have incorrect indentation level 16, expected level should be 12. [Indentation]
[checkstyle] [ERROR] C:\work\zRSADriver\ace_conn\test\org\idmunit\connector\VerifyTokenTests.java:66: Empty catch block. [EmptyCatchBlock]
[checkstyle] [ERROR] C:\work\zRSADriver\ace_conn\test\org\idmunit\connector\VerifyTokenTests.java:66: Line has trailing spaces. [RegexpSingleline]
[checkstyle] [ERROR] C:\work\zRSADriver\ace_conn\test\org\idmunit\connector\VerifyTokenTests.java:68: Line has trailing spaces. [RegexpSingleline]
[checkstyle] [ERROR] C:\work\zRSADriver\ace_conn\test\org\idmunit\connector\VerifyTokenTests.java:71: Line has trailing spaces. [RegexpSingleline]
[checkstyle] [ERROR] C:\work\zRSADriver\ace_conn\test\org\idmunit\connector\VerifyTokenTests.java:72: Line has trailing spaces. [RegexpSingleline]
[checkstyle] [ERROR] C:\work\zRSADriver\ace_conn\test\org\idmunit\connector\VerifyTokenTests.java:78: Line has trailing spaces. [RegexpSingleline]
[checkstyle] [ERROR] C:\work\zRSADriver\ace_conn\test\org\idmunit\connector\VerifyTokenTests.java:80: Line has trailing spaces. [RegexpSingleline]
[checkstyle] [ERROR] C:\work\zRSADriver\ace_conn\test\org\idmunit\connector\VerifyTokenTests.java:88: Line has trailing spaces. [RegexpSingleline]
[checkstyle] [ERROR] C:\work\zRSADriver\ace_conn\test\org\idmunit\connector\VerifyTokenTests.java:90: Line has trailing spaces. [RegexpSingleline]
[checkstyle] [ERROR] C:\work\zRSADriver\ace_conn\test\org\idmunit\connector\VerifyTokenTests.java:92: Line has trailing spaces. [RegexpSingleline]
[checkstyle] [ERROR] C:\work\zRSADriver\ace_conn\test\org\idmunit\connector\VerifyTokenTests.java:100: Line has trailing spaces. [RegexpSingleline]
[checkstyle] [ERROR] C:\work\zRSADriver\ace_conn\test\org\idmunit\connector\VerifyTokenTests.java:102: Line has trailing spaces. [RegexpSingleline]
[checkstyle] [ERROR] C:\work\zRSADriver\ace_conn\test\org\idmunit\connector\VerifyTokenTests.java:104: Line has trailing spaces. [RegexpSingleline]
[checkstyle] [ERROR] C:\work\zRSADriver\ace_conn\test\org\idmunit\connector\VerifyTokenTests.java:112: Line has trailing spaces. [RegexpSingleline]
[checkstyle] [ERROR] C:\work\zRSADriver\ace_conn\test\org\idmunit\connector\VerifyTokenTests.java:114: Line has trailing spaces. [RegexpSingleline]
[checkstyle] [ERROR] C:\work\zRSADriver\ace_conn\test\org\idmunit\connector\VerifyTokenTests.java:116: Line has trailing spaces. [RegexpSingleline]
[checkstyle] [ERROR] C:\work\zRSADriver\ace_conn\test\org\idmunit\connector\VerifyTokenTests.java:124: Line has trailing spaces. [RegexpSingleline]
[checkstyle] [ERROR] C:\work\zRSADriver\ace_conn\test\org\idmunit\connector\VerifyTokenTests.java:126: Line has trailing spaces. [RegexpSingleline]
[checkstyle] [ERROR] C:\work\zRSADriver\ace_conn\test\org\idmunit\connector\VerifyTokenTests.java:128: Line has trailing spaces. [RegexpSingleline]
[checkstyle] [ERROR] C:\work\zRSADriver\ace_conn\test\org\idmunit\connector\VerifyTokenTests.java:136: Line has trailing spaces. [RegexpSingleline]
[checkstyle] [ERROR] C:\work\zRSADriver\ace_conn\test\org\idmunit\connector\VerifyUserTests.java:0: File does not end with a newline. [NewlineAtEndOfFile]
[checkstyle] [ERROR] C:\work\zRSADriver\ace_conn\test\org\idmunit\connector\VerifyUserTests.java:1: Line does not match expected header line of '^/\*$'. [RegexpHeader]
[checkstyle] [ERROR] C:\work\zRSADriver\ace_conn\test\org\idmunit\connector\VerifyUserTests.java:20: Line has trailing spaces. [RegexpSingleline]
[checkstyle] [ERROR] C:\work\zRSADriver\ace_conn\test\org\idmunit\connector\VerifyUserTests.java:21:5: Static variable definition in wrong order. [DeclarationOrder]
[checkstyle] [ERROR] C:\work\zRSADriver\ace_conn\test\org\idmunit\connector\VerifyUserTests.java:21:32: Name 'startDate' must match pattern '^[A-Z][A-Z0-9]*(_[A-Z0-9]+)*$'. [ConstantName]
[checkstyle] [ERROR] C:\work\zRSADriver\ace_conn\test\org\idmunit\connector\VerifyUserTests.java:22:5: Static variable definition in wrong order. [DeclarationOrder]
[checkstyle] [ERROR] C:\work\zRSADriver\ace_conn\test\org\idmunit\connector\VerifyUserTests.java:22:29: Name 'startHour' must match pattern '^[A-Z][A-Z0-9]*(_[A-Z0-9]+)*$'. [ConstantName]
[checkstyle] [ERROR] C:\work\zRSADriver\ace_conn\test\org\idmunit\connector\VerifyUserTests.java:22:44: ';' is not followed by whitespace. [WhitespaceAfter]
[checkstyle] [ERROR] C:\work\zRSADriver\ace_conn\test\org\idmunit\connector\VerifyUserTests.java:23:5: Static variable definition in wrong order. [DeclarationOrder]
[checkstyle] [ERROR] C:\work\zRSADriver\ace_conn\test\org\idmunit\connector\VerifyUserTests.java:23:32: Name 'endDate' must match pattern '^[A-Z][A-Z0-9]*(_[A-Z0-9]+)*$'. [ConstantName]
[checkstyle] [ERROR] C:\work\zRSADriver\ace_conn\test\org\idmunit\connector\VerifyUserTests.java:24:5: Static variable definition in wrong order. [DeclarationOrder]
[checkstyle] [ERROR] C:\work\zRSADriver\ace_conn\test\org\idmunit\connector\VerifyUserTests.java:24:29: Name 'endHour' must match pattern '^[A-Z][A-Z0-9]*(_[A-Z0-9]+)*$'. [ConstantName]
[checkstyle] [ERROR] C:\work\zRSADriver\ace_conn\test\org\idmunit\connector\VerifyUserTests.java:28: Line has trailing spaces. [RegexpSingleline]
[checkstyle] [ERROR] C:\work\zRSADriver\ace_conn\test\org\idmunit\connector\VerifyUserTests.java:37: Line has trailing spaces. [RegexpSingleline]
[checkstyle] [ERROR] C:\work\zRSADriver\ace_conn\test\org\idmunit\connector\VerifyUserTests.java:38:96: 'startDate' hides a field. [HiddenField]
[checkstyle] [ERROR] C:\work\zRSADriver\ace_conn\test\org\idmunit\connector\VerifyUserTests.java:38:111: 'startHour' hides a field. [HiddenField]
[checkstyle] [ERROR] C:\work\zRSADriver\ace_conn\test\org\idmunit\connector\VerifyUserTests.java:38:129: 'endDate' hides a field. [HiddenField]
[checkstyle] [ERROR] C:\work\zRSADriver\ace_conn\test\org\idmunit\connector\VerifyUserTests.java:38:142: 'endHour' hides a field. [HiddenField]
[checkstyle] [ERROR] C:\work\zRSADriver\ace_conn\test\org\idmunit\connector\VerifyUserTests.java:45: Empty catch block. [EmptyCatchBlock]
[checkstyle] [ERROR] C:\work\zRSADriver\ace_conn\test\org\idmunit\connector\VerifyUserTests.java:45: Line has trailing spaces. [RegexpSingleline]
[checkstyle] [ERROR] C:\work\zRSADriver\ace_conn\test\org\idmunit\connector\VerifyUserTests.java:47: Line has trailing spaces. [RegexpSingleline]
[checkstyle] [ERROR] C:\work\zRSADriver\ace_conn\test\org\idmunit\connector\VerifyUserTests.java:59: Empty catch block. [EmptyCatchBlock]
[checkstyle] [ERROR] C:\work\zRSADriver\ace_conn\test\org\idmunit\connector\VerifyUserTests.java:59:42: '{' is not followed by whitespace. [WhitespaceAround]
[checkstyle] [ERROR] C:\work\zRSADriver\ace_conn\test\org\idmunit\connector\VerifyUserTests.java:59:42: '}' is not preceded with whitespace. [WhitespaceAround]
[checkstyle] [ERROR] C:\work\zRSADriver\ace_conn\test\org\idmunit\connector\VerifyUserTests.java:62: Empty catch block. [EmptyCatchBlock]
[checkstyle] [ERROR] C:\work\zRSADriver\ace_conn\test\org\idmunit\connector\VerifyUserTests.java:62:42: '{' is not followed by whitespace. [WhitespaceAround]
[checkstyle] [ERROR] C:\work\zRSADriver\ace_conn\test\org\idmunit\connector\VerifyUserTests.java:62:42: '}' is not preceded with whitespace. [WhitespaceAround]
[checkstyle] [ERROR] C:\work\zRSADriver\ace_conn\test\org\idmunit\connector\VerifyUserTests.java:65: Line has trailing spaces. [RegexpSingleline]
[checkstyle] [ERROR] C:\work\zRSADriver\ace_conn\test\org\idmunit\connector\VerifyUserTests.java:68: Line has trailing spaces. [RegexpSingleline]
[checkstyle] [ERROR] C:\work\zRSADriver\ace_conn\test\org\idmunit\connector\VerifyUserTests.java:79: Line has trailing spaces. [RegexpSingleline]
[checkstyle] [ERROR] C:\work\zRSADriver\ace_conn\test\org\idmunit\connector\VerifyUserTests.java:93: Line has trailing spaces. [RegexpSingleline]
[checkstyle] [ERROR] C:\work\zRSADriver\ace_conn\test\org\idmunit\connector\VerifyUserTests.java:109: Line has trailing spaces. [RegexpSingleline]
[checkstyle] [ERROR] C:\work\zRSADriver\ace_conn\test\org\idmunit\connector\VerifyUserTests.java:125: Line has trailing spaces. [RegexpSingleline]
[checkstyle] [ERROR] C:\work\zRSADriver\ace_conn\test\org\idmunit\connector\VerifyUserTests.java:137: Line has trailing spaces. [RegexpSingleline]
[checkstyle] [ERROR] C:\work\zRSADriver\ace_conn\test\org\idmunit\connector\VerifyUserTests.java:145: Line has trailing spaces. [RegexpSingleline]
[checkstyle] [ERROR] C:\work\zRSADriver\ace_conn\test\org\idmunit\connector\VerifyUserTests.java:163: Line has trailing spaces. [RegexpSingleline]
[checkstyle] [ERROR] C:\work\zRSADriver\ace_conn\test\org\idmunit\connector\VerifyUserTests.java:174: Line has trailing spaces. [RegexpSingleline]
[checkstyle] [ERROR] C:\work\zRSADriver\ace_conn\test\org\idmunit\connector\VerifyUserTests.java:175: Line has trailing spaces. [RegexpSingleline]
[checkstyle] [ERROR] C:\work\zRSADriver\ace_conn\test\org\idmunit\connector\VerifyUserTests.java:176: Line has trailing spaces. [RegexpSingleline]
[checkstyle] [ERROR] C:\work\zRSADriver\ace_conn\test\org\idmunit\connector\VerifyUserTests.java:184: Line has trailing spaces. [RegexpSingleline]
[checkstyle] [ERROR] C:\work\zRSADriver\ace_conn\test\org\idmunit\connector\VerifyUserTests.java:193: Line has trailing spaces. [RegexpSingleline]
[checkstyle] [ERROR] C:\work\zRSADriver\ace_conn\test\org\idmunit\connector\VerifyUserTests.java:202: Line has trailing spaces. [RegexpSingleline]
[checkstyle] [ERROR] C:\work\zRSADriver\ace_conn\test\org\idmunit\connector\VerifyUserTests.java:213: Line has trailing spaces. [RegexpSingleline]
[checkstyle] [ERROR] C:\work\zRSADriver\ace_conn\test\org\idmunit\connector\VerifyUserTests.java:221: Line has trailing spaces. [RegexpSingleline]
[checkstyle] [ERROR] C:\work\zRSADriver\ace_conn\test\org\idmunit\connector\VerifyUserTests.java:225:114: Unnecessary parentheses around expression. [UnnecessaryParentheses]
[checkstyle] [ERROR] C:\work\zRSADriver\ace_conn\test\org\idmunit\connector\VerifyUserTests.java:231:5: Static variable definition in wrong order. [DeclarationOrder]
[checkstyle] [ERROR] C:\work\zRSADriver\ace_conn\test\org\idmunit\connector\VerifyUserTests.java:231:33: Name 'tokenSerialNum' must match pattern '^[A-Z][A-Z0-9]*(_[A-Z0-9]+)*$'. [ConstantName]
[checkstyle] [ERROR] C:\work\zRSADriver\ace_conn\test\org\idmunit\connector\VerifyUserTests.java:237: Line has trailing spaces. [RegexpSingleline]
[checkstyle] [ERROR] C:\work\zRSADriver\ace_conn\test\org\idmunit\connector\VerifyUserTests.java:249: Line has trailing spaces. [RegexpSingleline]
[checkstyle] [ERROR] C:\work\zRSADriver\ace_conn\test\org\idmunit\connector\VerifyUserTests.java:262:5: Static variable definition in wrong order. [DeclarationOrder]
[checkstyle] [ERROR] C:\work\zRSADriver\ace_conn\test\org\idmunit\connector\VerifyUserTests.java:262:33: Name 'profileName' must match pattern '^[A-Z][A-Z0-9]*(_[A-Z0-9]+)*$'. [ConstantName]
[checkstyle] [ERROR] C:\work\zRSADriver\ace_conn\test\org\idmunit\connector\VerifyUserTests.java:268: Line has trailing spaces. [RegexpSingleline]
[checkstyle] [ERROR] C:\work\zRSADriver\ace_conn\test\org\idmunit\connector\VerifyUserTests.java:280: Line has trailing spaces. [RegexpSingleline]
[checkstyle] [ERROR] C:\work\zRSADriver\ace_conn\test\org\idmunit\connector\VerifyUserTests.java:293:5: Static variable definition in wrong order. [DeclarationOrder]
[checkstyle] [ERROR] C:\work\zRSADriver\ace_conn\test\org\idmunit\connector\VerifyUserTests.java:293:33: Name 'groupName' must match pattern '^[A-Z][A-Z0-9]*(_[A-Z0-9]+)*$'. [ConstantName]
[checkstyle] [ERROR] C:\work\zRSADriver\ace_conn\test\org\idmunit\connector\VerifyUserTests.java:299: Line has trailing spaces. [RegexpSingleline]
[checkstyle] [ERROR] C:\work\zRSADriver\ace_conn\test\org\idmunit\connector\VerifyUserTests.java:306: Line has trailing spaces. [RegexpSingleline]
[checkstyle] [ERROR] C:\work\zRSADriver\ace_conn\test\org\idmunit\connector\VerifyUserTests.java:307:5: Static variable definition in wrong order. [DeclarationOrder]
[checkstyle] [ERROR] C:\work\zRSADriver\ace_conn\test\org\idmunit\connector\VerifyUserTests.java:307:33: Name 'groupNameInSite' must match pattern '^[A-Z][A-Z0-9]*(_[A-Z0-9]+)*$'. [ConstantName]
[checkstyle] [ERROR] C:\work\zRSADriver\ace_conn\test\org\idmunit\connector\VerifyUserTests.java:313: Line has trailing spaces. [RegexpSingleline]
[checkstyle] [ERROR] C:\work\zRSADriver\ace_conn\test\org\idmunit\connector\VerifyUserTests.java:320: Line has trailing spaces. [RegexpSingleline]
[checkstyle] [ERROR] C:\work\zRSADriver\ace_conn\test\org\idmunit\connector\VerifyUserTests.java:323: Line has trailing spaces. [RegexpSingleline]
[checkstyle] [ERROR] C:\work\zRSADriver\ace_conn\test\org\idmunit\connector\VerifyUserTests.java:341: Line has trailing spaces. [RegexpSingleline]

BUILD FAILED
C:\work\idmunit-core\ant-build-connector.xml:82: Got 735 errors and 0 warnings.

Total time: 1 second
